{"t":{"$date":"2021-11-11T19:22:46.567+05:30"},"s":"I",  "c":"CONTROL",  "id":23285,   "ctx":"-","msg":"Automatically disabling TLS 1.0, to force-enable TLS 1.0 specify --sslDisabledProtocols 'none'"}
{"t":{"$date":"2021-11-11T19:22:46.575+05:30"},"s":"I",  "c":"NETWORK",  "id":4915701, "ctx":"main","msg":"Initialized wire specification","attr":{"spec":{"incomingExternalClient":{"minWireVersion":0,"maxWireVersion":13},"incomingInternalClient":{"minWireVersion":0,"maxWireVersion":13},"outgoing":{"minWireVersion":0,"maxWireVersion":13},"isInternalClient":true}}}
{"t":{"$date":"2021-11-11T19:22:46.578+05:30"},"s":"W",  "c":"ASIO",     "id":22601,   "ctx":"main","msg":"No TransportLayer configured during NetworkInterface startup"}
{"t":{"$date":"2021-11-11T19:22:46.579+05:30"},"s":"I",  "c":"NETWORK",  "id":4648602, "ctx":"main","msg":"Implicit TCP FastOpen in use."}
{"t":{"$date":"2021-11-11T19:22:46.593+05:30"},"s":"W",  "c":"ASIO",     "id":22601,   "ctx":"main","msg":"No TransportLayer configured during NetworkInterface startup"}
{"t":{"$date":"2021-11-11T19:22:46.594+05:30"},"s":"I",  "c":"REPL",     "id":5123008, "ctx":"main","msg":"Successfully registered PrimaryOnlyService","attr":{"service":"TenantMigrationDonorService","ns":"config.tenantMigrationDonors"}}
{"t":{"$date":"2021-11-11T19:22:46.595+05:30"},"s":"I",  "c":"REPL",     "id":5123008, "ctx":"main","msg":"Successfully registered PrimaryOnlyService","attr":{"service":"TenantMigrationRecipientService","ns":"config.tenantMigrationRecipients"}}
{"t":{"$date":"2021-11-11T19:22:46.596+05:30"},"s":"I",  "c":"CONTROL",  "id":4615611, "ctx":"initandlisten","msg":"MongoDB starting","attr":{"pid":13480,"port":27017,"dbPath":"./.db","architecture":"64-bit","host":"SANGUINE"}}
{"t":{"$date":"2021-11-11T19:22:46.596+05:30"},"s":"I",  "c":"CONTROL",  "id":23398,   "ctx":"initandlisten","msg":"Target operating system minimum version","attr":{"targetMinOS":"Windows 7/Windows Server 2008 R2"}}
{"t":{"$date":"2021-11-11T19:22:46.596+05:30"},"s":"I",  "c":"CONTROL",  "id":23403,   "ctx":"initandlisten","msg":"Build Info","attr":{"buildInfo":{"version":"5.0.3","gitVersion":"657fea5a61a74d7a79df7aff8e4bcf0bc742b748","modules":[],"allocator":"tcmalloc","environment":{"distmod":"windows","distarch":"x86_64","target_arch":"x86_64"}}}}
{"t":{"$date":"2021-11-11T19:22:46.596+05:30"},"s":"I",  "c":"CONTROL",  "id":51765,   "ctx":"initandlisten","msg":"Operating System","attr":{"os":{"name":"Microsoft Windows 10","version":"10.0 (build 19043)"}}}
{"t":{"$date":"2021-11-11T19:22:46.596+05:30"},"s":"I",  "c":"CONTROL",  "id":21951,   "ctx":"initandlisten","msg":"Options set by command line","attr":{"options":{"storage":{"dbPath":"./.db"}}}}
{"t":{"$date":"2021-11-11T19:22:46.602+05:30"},"s":"I",  "c":"STORAGE",  "id":22315,   "ctx":"initandlisten","msg":"Opening WiredTiger","attr":{"config":"create,cache_size=7383M,session_max=33000,eviction=(threads_min=4,threads_max=4),config_base=false,statistics=(fast),log=(enabled=true,archive=true,path=journal,compressor=snappy),builtin_extension_config=(zstd=(compression_level=6)),file_manager=(close_idle_time=600,close_scan_interval=10,close_handle_minimum=250),statistics_log=(wait=0),verbose=[recovery_progress,checkpoint_progress,compact_progress],"}}
{"t":{"$date":"2021-11-11T19:22:46.655+05:30"},"s":"I",  "c":"STORAGE",  "id":22430,   "ctx":"initandlisten","msg":"WiredTiger message","attr":{"message":"[1636638766:653994][13480:140727875949904], txn-recover: [WT_VERB_RECOVERY | WT_VERB_RECOVERY_PROGRESS] Set global recovery timestamp: (0, 0)"}}
{"t":{"$date":"2021-11-11T19:22:46.655+05:30"},"s":"I",  "c":"STORAGE",  "id":22430,   "ctx":"initandlisten","msg":"WiredTiger message","attr":{"message":"[1636638766:655291][13480:140727875949904], txn-recover: [WT_VERB_RECOVERY | WT_VERB_RECOVERY_PROGRESS] Set global oldest timestamp: (0, 0)"}}
{"t":{"$date":"2021-11-11T19:22:46.660+05:30"},"s":"I",  "c":"STORAGE",  "id":4795906, "ctx":"initandlisten","msg":"WiredTiger opened","attr":{"durationMillis":58}}
{"t":{"$date":"2021-11-11T19:22:46.660+05:30"},"s":"I",  "c":"RECOVERY", "id":23987,   "ctx":"initandlisten","msg":"WiredTiger recoveryTimestamp","attr":{"recoveryTimestamp":{"$timestamp":{"t":0,"i":0}}}}
{"t":{"$date":"2021-11-11T19:22:46.670+05:30"},"s":"I",  "c":"STORAGE",  "id":4366408, "ctx":"initandlisten","msg":"No table logging settings modifications are required for existing WiredTiger tables","attr":{"loggingEnabled":true}}
{"t":{"$date":"2021-11-11T19:22:46.671+05:30"},"s":"I",  "c":"STORAGE",  "id":22262,   "ctx":"initandlisten","msg":"Timestamp monitor starting"}
{"t":{"$date":"2021-11-11T19:22:46.681+05:30"},"s":"W",  "c":"CONTROL",  "id":22120,   "ctx":"initandlisten","msg":"Access control is not enabled for the database. Read and write access to data and configuration is unrestricted","tags":["startupWarnings"]}
{"t":{"$date":"2021-11-11T19:22:46.681+05:30"},"s":"W",  "c":"CONTROL",  "id":22140,   "ctx":"initandlisten","msg":"This server is bound to localhost. Remote systems will be unable to connect to this server. Start the server with --bind_ip <address> to specify which IP addresses it should serve responses from, or with --bind_ip_all to bind to all interfaces. If this behavior is desired, start the server with --bind_ip 127.0.0.1 to disable this warning","tags":["startupWarnings"]}
{"t":{"$date":"2021-11-11T19:22:46.688+05:30"},"s":"I",  "c":"STORAGE",  "id":20320,   "ctx":"initandlisten","msg":"createCollection","attr":{"namespace":"admin.system.version","uuidDisposition":"provided","uuid":{"uuid":{"$uuid":"d8bf668d-7195-45d4-857d-19551f45d087"}},"options":{"uuid":{"$uuid":"d8bf668d-7195-45d4-857d-19551f45d087"}}}}
{"t":{"$date":"2021-11-11T19:22:46.699+05:30"},"s":"I",  "c":"INDEX",    "id":20345,   "ctx":"initandlisten","msg":"Index build: done building","attr":{"buildUUID":null,"namespace":"admin.system.version","index":"_id_","commitTimestamp":null}}
{"t":{"$date":"2021-11-11T19:22:46.701+05:30"},"s":"I",  "c":"REPL",     "id":20459,   "ctx":"initandlisten","msg":"Setting featureCompatibilityVersion","attr":{"newVersion":"5.0"}}
{"t":{"$date":"2021-11-11T19:22:46.701+05:30"},"s":"I",  "c":"NETWORK",  "id":4915702, "ctx":"initandlisten","msg":"Updated wire specification","attr":{"oldSpec":{"incomingExternalClient":{"minWireVersion":0,"maxWireVersion":13},"incomingInternalClient":{"minWireVersion":0,"maxWireVersion":13},"outgoing":{"minWireVersion":0,"maxWireVersion":13},"isInternalClient":true},"newSpec":{"incomingExternalClient":{"minWireVersion":0,"maxWireVersion":13},"incomingInternalClient":{"minWireVersion":13,"maxWireVersion":13},"outgoing":{"minWireVersion":13,"maxWireVersion":13},"isInternalClient":true}}}
{"t":{"$date":"2021-11-11T19:22:46.703+05:30"},"s":"I",  "c":"NETWORK",  "id":4915702, "ctx":"initandlisten","msg":"Updated wire specification","attr":{"oldSpec":{"incomingExternalClient":{"minWireVersion":0,"maxWireVersion":13},"incomingInternalClient":{"minWireVersion":13,"maxWireVersion":13},"outgoing":{"minWireVersion":13,"maxWireVersion":13},"isInternalClient":true},"newSpec":{"incomingExternalClient":{"minWireVersion":0,"maxWireVersion":13},"incomingInternalClient":{"minWireVersion":13,"maxWireVersion":13},"outgoing":{"minWireVersion":13,"maxWireVersion":13},"isInternalClient":true}}}
{"t":{"$date":"2021-11-11T19:22:46.704+05:30"},"s":"I",  "c":"STORAGE",  "id":5071100, "ctx":"initandlisten","msg":"Clearing temp directory"}
{"t":{"$date":"2021-11-11T19:22:46.704+05:30"},"s":"I",  "c":"CONTROL",  "id":20536,   "ctx":"initandlisten","msg":"Flow Control is enabled on this deployment"}
{"t":{"$date":"2021-11-11T19:22:46.994+05:30"},"s":"I",  "c":"FTDC",     "id":20625,   "ctx":"initandlisten","msg":"Initializing full-time diagnostic data capture","attr":{"dataDirectory":"./.db/diagnostic.data"}}
{"t":{"$date":"2021-11-11T19:22:46.995+05:30"},"s":"I",  "c":"STORAGE",  "id":20320,   "ctx":"initandlisten","msg":"createCollection","attr":{"namespace":"local.startup_log","uuidDisposition":"generated","uuid":{"uuid":{"$uuid":"25b6c79a-77aa-46ec-ac64-3dfa89afec2b"}},"options":{"capped":true,"size":10485760}}}
{"t":{"$date":"2021-11-11T19:22:47.002+05:30"},"s":"I",  "c":"INDEX",    "id":20345,   "ctx":"initandlisten","msg":"Index build: done building","attr":{"buildUUID":null,"namespace":"local.startup_log","index":"_id_","commitTimestamp":null}}
{"t":{"$date":"2021-11-11T19:22:47.006+05:30"},"s":"I",  "c":"NETWORK",  "id":23015,   "ctx":"listener","msg":"Listening on","attr":{"address":"127.0.0.1"}}
{"t":{"$date":"2021-11-11T19:22:47.006+05:30"},"s":"I",  "c":"NETWORK",  "id":23016,   "ctx":"listener","msg":"Waiting for connections","attr":{"port":27017,"ssl":"off"}}
{"t":{"$date":"2021-11-11T19:22:47.011+05:30"},"s":"I",  "c":"CONTROL",  "id":20712,   "ctx":"LogicalSessionCacheReap","msg":"Sessions collection is not set up; waiting until next sessions reap interval","attr":{"error":"NamespaceNotFound: config.system.sessions does not exist"}}
{"t":{"$date":"2021-11-11T19:22:47.011+05:30"},"s":"I",  "c":"STORAGE",  "id":20320,   "ctx":"LogicalSessionCacheRefresh","msg":"createCollection","attr":{"namespace":"config.system.sessions","uuidDisposition":"generated","uuid":{"uuid":{"$uuid":"4de79777-fb02-417c-94b5-b29a497e9833"}},"options":{}}}
{"t":{"$date":"2021-11-11T19:22:47.022+05:30"},"s":"I",  "c":"INDEX",    "id":20345,   "ctx":"LogicalSessionCacheRefresh","msg":"Index build: done building","attr":{"buildUUID":null,"namespace":"config.system.sessions","index":"_id_","commitTimestamp":null}}
{"t":{"$date":"2021-11-11T19:22:47.022+05:30"},"s":"I",  "c":"INDEX",    "id":20345,   "ctx":"LogicalSessionCacheRefresh","msg":"Index build: done building","attr":{"buildUUID":null,"namespace":"config.system.sessions","index":"lsidTTLIndex","commitTimestamp":null}}
{"t":{"$date":"2021-11-11T19:22:50.510+05:30"},"s":"I",  "c":"CONTROL",  "id":23372,   "ctx":"thread37","msg":"Ctrl-C signal"}
{"t":{"$date":"2021-11-11T19:22:50.510+05:30"},"s":"I",  "c":"CONTROL",  "id":23371,   "ctx":"consoleTerminate","msg":"Received event, will terminate after current command ends","attr":{"controlCode":"CTRL_C_EVENT"}}
{"t":{"$date":"2021-11-11T19:22:50.510+05:30"},"s":"I",  "c":"REPL",     "id":4784900, "ctx":"consoleTerminate","msg":"Stepping down the ReplicationCoordinator for shutdown","attr":{"waitTimeMillis":15000}}
{"t":{"$date":"2021-11-11T19:22:50.513+05:30"},"s":"I",  "c":"REPL",     "id":4794602, "ctx":"consoleTerminate","msg":"Attempting to enter quiesce mode"}
{"t":{"$date":"2021-11-11T19:22:50.513+05:30"},"s":"I",  "c":"COMMAND",  "id":4784901, "ctx":"consoleTerminate","msg":"Shutting down the MirrorMaestro"}
{"t":{"$date":"2021-11-11T19:22:50.513+05:30"},"s":"I",  "c":"SHARDING", "id":4784902, "ctx":"consoleTerminate","msg":"Shutting down the WaitForMajorityService"}
{"t":{"$date":"2021-11-11T19:22:50.514+05:30"},"s":"I",  "c":"CONTROL",  "id":4784903, "ctx":"consoleTerminate","msg":"Shutting down the LogicalSessionCache"}
{"t":{"$date":"2021-11-11T19:22:50.515+05:30"},"s":"I",  "c":"NETWORK",  "id":20562,   "ctx":"consoleTerminate","msg":"Shutdown: going to close listening sockets"}
{"t":{"$date":"2021-11-11T19:22:50.515+05:30"},"s":"I",  "c":"NETWORK",  "id":4784905, "ctx":"consoleTerminate","msg":"Shutting down the global connection pool"}
{"t":{"$date":"2021-11-11T19:22:50.515+05:30"},"s":"I",  "c":"CONTROL",  "id":4784906, "ctx":"consoleTerminate","msg":"Shutting down the FlowControlTicketholder"}
{"t":{"$date":"2021-11-11T19:22:50.515+05:30"},"s":"I",  "c":"-",        "id":20520,   "ctx":"consoleTerminate","msg":"Stopping further Flow Control ticket acquisitions."}
{"t":{"$date":"2021-11-11T19:22:50.516+05:30"},"s":"I",  "c":"CONTROL",  "id":4784908, "ctx":"consoleTerminate","msg":"Shutting down the PeriodicThreadToAbortExpiredTransactions"}
{"t":{"$date":"2021-11-11T19:22:50.516+05:30"},"s":"I",  "c":"REPL",     "id":4784909, "ctx":"consoleTerminate","msg":"Shutting down the ReplicationCoordinator"}
{"t":{"$date":"2021-11-11T19:22:50.516+05:30"},"s":"I",  "c":"SHARDING", "id":4784910, "ctx":"consoleTerminate","msg":"Shutting down the ShardingInitializationMongoD"}
{"t":{"$date":"2021-11-11T19:22:50.516+05:30"},"s":"I",  "c":"REPL",     "id":4784911, "ctx":"consoleTerminate","msg":"Enqueuing the ReplicationStateTransitionLock for shutdown"}
{"t":{"$date":"2021-11-11T19:22:50.516+05:30"},"s":"I",  "c":"-",        "id":4784912, "ctx":"consoleTerminate","msg":"Killing all operations for shutdown"}
{"t":{"$date":"2021-11-11T19:22:50.516+05:30"},"s":"I",  "c":"-",        "id":4695300, "ctx":"consoleTerminate","msg":"Interrupted all currently running operations","attr":{"opsKilled":3}}
{"t":{"$date":"2021-11-11T19:22:50.516+05:30"},"s":"I",  "c":"TENANT_M", "id":5093807, "ctx":"consoleTerminate","msg":"Shutting down all TenantMigrationAccessBlockers on global shutdown"}
{"t":{"$date":"2021-11-11T19:22:50.516+05:30"},"s":"I",  "c":"COMMAND",  "id":4784913, "ctx":"consoleTerminate","msg":"Shutting down all open transactions"}
{"t":{"$date":"2021-11-11T19:22:50.516+05:30"},"s":"I",  "c":"REPL",     "id":4784914, "ctx":"consoleTerminate","msg":"Acquiring the ReplicationStateTransitionLock for shutdown"}
{"t":{"$date":"2021-11-11T19:22:50.516+05:30"},"s":"I",  "c":"INDEX",    "id":4784915, "ctx":"consoleTerminate","msg":"Shutting down the IndexBuildsCoordinator"}
{"t":{"$date":"2021-11-11T19:22:50.517+05:30"},"s":"I",  "c":"REPL",     "id":4784916, "ctx":"consoleTerminate","msg":"Reacquiring the ReplicationStateTransitionLock for shutdown"}
{"t":{"$date":"2021-11-11T19:22:50.517+05:30"},"s":"I",  "c":"REPL",     "id":4784917, "ctx":"consoleTerminate","msg":"Attempting to mark clean shutdown"}
{"t":{"$date":"2021-11-11T19:22:50.517+05:30"},"s":"I",  "c":"NETWORK",  "id":4784918, "ctx":"consoleTerminate","msg":"Shutting down the ReplicaSetMonitor"}
{"t":{"$date":"2021-11-11T19:22:50.517+05:30"},"s":"I",  "c":"SHARDING", "id":4784921, "ctx":"consoleTerminate","msg":"Shutting down the MigrationUtilExecutor"}
{"t":{"$date":"2021-11-11T19:22:50.519+05:30"},"s":"I",  "c":"ASIO",     "id":22582,   "ctx":"MigrationUtil-TaskExecutor","msg":"Killing all outstanding egress activity."}
{"t":{"$date":"2021-11-11T19:22:50.520+05:30"},"s":"I",  "c":"COMMAND",  "id":4784923, "ctx":"consoleTerminate","msg":"Shutting down the ServiceEntryPoint"}
{"t":{"$date":"2021-11-11T19:22:50.520+05:30"},"s":"I",  "c":"CONTROL",  "id":4784925, "ctx":"consoleTerminate","msg":"Shutting down free monitoring"}
{"t":{"$date":"2021-11-11T19:22:50.520+05:30"},"s":"I",  "c":"CONTROL",  "id":20609,   "ctx":"consoleTerminate","msg":"Shutting down free monitoring"}
{"t":{"$date":"2021-11-11T19:22:50.521+05:30"},"s":"I",  "c":"CONTROL",  "id":4784927, "ctx":"consoleTerminate","msg":"Shutting down the HealthLog"}
{"t":{"$date":"2021-11-11T19:22:50.521+05:30"},"s":"I",  "c":"CONTROL",  "id":4784928, "ctx":"consoleTerminate","msg":"Shutting down the TTL monitor"}
{"t":{"$date":"2021-11-11T19:22:50.521+05:30"},"s":"I",  "c":"INDEX",    "id":3684100, "ctx":"consoleTerminate","msg":"Shutting down TTL collection monitor thread"}
{"t":{"$date":"2021-11-11T19:22:50.521+05:30"},"s":"I",  "c":"INDEX",    "id":3684101, "ctx":"consoleTerminate","msg":"Finished shutting down TTL collection monitor thread"}
{"t":{"$date":"2021-11-11T19:22:50.521+05:30"},"s":"I",  "c":"CONTROL",  "id":4784929, "ctx":"consoleTerminate","msg":"Acquiring the global lock for shutdown"}
{"t":{"$date":"2021-11-11T19:22:50.521+05:30"},"s":"I",  "c":"CONTROL",  "id":4784930, "ctx":"consoleTerminate","msg":"Shutting down the storage engine"}
{"t":{"$date":"2021-11-11T19:22:50.521+05:30"},"s":"I",  "c":"STORAGE",  "id":22320,   "ctx":"consoleTerminate","msg":"Shutting down journal flusher thread"}
{"t":{"$date":"2021-11-11T19:22:50.521+05:30"},"s":"I",  "c":"STORAGE",  "id":22321,   "ctx":"consoleTerminate","msg":"Finished shutting down journal flusher thread"}
{"t":{"$date":"2021-11-11T19:22:50.521+05:30"},"s":"I",  "c":"STORAGE",  "id":22322,   "ctx":"consoleTerminate","msg":"Shutting down checkpoint thread"}
{"t":{"$date":"2021-11-11T19:22:50.521+05:30"},"s":"I",  "c":"STORAGE",  "id":22323,   "ctx":"consoleTerminate","msg":"Finished shutting down checkpoint thread"}
{"t":{"$date":"2021-11-11T19:22:50.522+05:30"},"s":"I",  "c":"STORAGE",  "id":20282,   "ctx":"consoleTerminate","msg":"Deregistering all the collections"}
{"t":{"$date":"2021-11-11T19:22:50.522+05:30"},"s":"I",  "c":"STORAGE",  "id":22261,   "ctx":"consoleTerminate","msg":"Timestamp monitor shutting down"}
{"t":{"$date":"2021-11-11T19:22:50.522+05:30"},"s":"I",  "c":"STORAGE",  "id":22317,   "ctx":"consoleTerminate","msg":"WiredTigerKVEngine shutting down"}
{"t":{"$date":"2021-11-11T19:22:50.523+05:30"},"s":"I",  "c":"STORAGE",  "id":22318,   "ctx":"consoleTerminate","msg":"Shutting down session sweeper thread"}
{"t":{"$date":"2021-11-11T19:22:50.523+05:30"},"s":"I",  "c":"STORAGE",  "id":22319,   "ctx":"consoleTerminate","msg":"Finished shutting down session sweeper thread"}
{"t":{"$date":"2021-11-11T19:22:50.523+05:30"},"s":"I",  "c":"STORAGE",  "id":4795902, "ctx":"consoleTerminate","msg":"Closing WiredTiger","attr":{"closeConfig":"leak_memory=true,"}}
{"t":{"$date":"2021-11-11T19:22:50.527+05:30"},"s":"I",  "c":"STORAGE",  "id":22430,   "ctx":"consoleTerminate","msg":"WiredTiger message","attr":{"message":"[1636638770:526552][13480:140727875949904], close_ckpt: [WT_VERB_CHECKPOINT_PROGRESS] saving checkpoint snapshot min: 35, snapshot max: 35 snapshot count: 0, oldest timestamp: (0, 0) , meta checkpoint timestamp: (0, 0) base write gen: 1"}}
{"t":{"$date":"2021-11-11T19:22:50.551+05:30"},"s":"I",  "c":"STORAGE",  "id":4795901, "ctx":"consoleTerminate","msg":"WiredTiger closed","attr":{"durationMillis":28}}
{"t":{"$date":"2021-11-11T19:22:50.551+05:30"},"s":"I",  "c":"STORAGE",  "id":22281,   "ctx":"consoleTerminate","msg":"shutdown: removing fs lock..."}
{"t":{"$date":"2021-11-11T19:22:50.551+05:30"},"s":"I",  "c":"-",        "id":4784931, "ctx":"consoleTerminate","msg":"Dropping the scope cache for shutdown"}
{"t":{"$date":"2021-11-11T19:22:50.551+05:30"},"s":"I",  "c":"FTDC",     "id":4784926, "ctx":"consoleTerminate","msg":"Shutting down full-time data capture"}
{"t":{"$date":"2021-11-11T19:22:50.551+05:30"},"s":"I",  "c":"FTDC",     "id":20626,   "ctx":"consoleTerminate","msg":"Shutting down full-time diagnostic data capture"}
{"t":{"$date":"2021-11-11T19:22:50.554+05:30"},"s":"I",  "c":"CONTROL",  "id":20565,   "ctx":"consoleTerminate","msg":"Now exiting"}
{"t":{"$date":"2021-11-11T19:22:50.555+05:30"},"s":"I",  "c":"CONTROL",  "id":23138,   "ctx":"consoleTerminate","msg":"Shutting down","attr":{"exitCode":12}}
{"t":{"$date":"2021-11-11T19:22:52.823+05:30"},"s":"I",  "c":"CONTROL",  "id":23285,   "ctx":"-","msg":"Automatically disabling TLS 1.0, to force-enable TLS 1.0 specify --sslDisabledProtocols 'none'"}
{"t":{"$date":"2021-11-11T19:22:52.827+05:30"},"s":"I",  "c":"NETWORK",  "id":4915701, "ctx":"main","msg":"Initialized wire specification","attr":{"spec":{"incomingExternalClient":{"minWireVersion":0,"maxWireVersion":13},"incomingInternalClient":{"minWireVersion":0,"maxWireVersion":13},"outgoing":{"minWireVersion":0,"maxWireVersion":13},"isInternalClient":true}}}
{"t":{"$date":"2021-11-11T19:22:53.426+05:30"},"s":"W",  "c":"ASIO",     "id":22601,   "ctx":"main","msg":"No TransportLayer configured during NetworkInterface startup"}
{"t":{"$date":"2021-11-11T19:22:53.426+05:30"},"s":"I",  "c":"NETWORK",  "id":4648602, "ctx":"main","msg":"Implicit TCP FastOpen in use."}
{"t":{"$date":"2021-11-11T19:22:53.429+05:30"},"s":"W",  "c":"ASIO",     "id":22601,   "ctx":"main","msg":"No TransportLayer configured during NetworkInterface startup"}
{"t":{"$date":"2021-11-11T19:22:53.430+05:30"},"s":"I",  "c":"REPL",     "id":5123008, "ctx":"main","msg":"Successfully registered PrimaryOnlyService","attr":{"service":"TenantMigrationDonorService","ns":"config.tenantMigrationDonors"}}
{"t":{"$date":"2021-11-11T19:22:53.430+05:30"},"s":"I",  "c":"REPL",     "id":5123008, "ctx":"main","msg":"Successfully registered PrimaryOnlyService","attr":{"service":"TenantMigrationRecipientService","ns":"config.tenantMigrationRecipients"}}
{"t":{"$date":"2021-11-11T19:22:53.431+05:30"},"s":"I",  "c":"CONTROL",  "id":4615611, "ctx":"initandlisten","msg":"MongoDB starting","attr":{"pid":4784,"port":27017,"dbPath":"./.db","architecture":"64-bit","host":"SANGUINE"}}
{"t":{"$date":"2021-11-11T19:22:53.431+05:30"},"s":"I",  "c":"CONTROL",  "id":23398,   "ctx":"initandlisten","msg":"Target operating system minimum version","attr":{"targetMinOS":"Windows 7/Windows Server 2008 R2"}}
{"t":{"$date":"2021-11-11T19:22:53.431+05:30"},"s":"I",  "c":"CONTROL",  "id":23403,   "ctx":"initandlisten","msg":"Build Info","attr":{"buildInfo":{"version":"5.0.3","gitVersion":"657fea5a61a74d7a79df7aff8e4bcf0bc742b748","modules":[],"allocator":"tcmalloc","environment":{"distmod":"windows","distarch":"x86_64","target_arch":"x86_64"}}}}
{"t":{"$date":"2021-11-11T19:22:53.431+05:30"},"s":"I",  "c":"CONTROL",  "id":51765,   "ctx":"initandlisten","msg":"Operating System","attr":{"os":{"name":"Microsoft Windows 10","version":"10.0 (build 19043)"}}}
{"t":{"$date":"2021-11-11T19:22:53.431+05:30"},"s":"I",  "c":"CONTROL",  "id":21951,   "ctx":"initandlisten","msg":"Options set by command line","attr":{"options":{"storage":{"dbPath":"./.db"}}}}
{"t":{"$date":"2021-11-11T19:22:53.433+05:30"},"s":"I",  "c":"STORAGE",  "id":22270,   "ctx":"initandlisten","msg":"Storage engine to use detected by data files","attr":{"dbpath":"./.db","storageEngine":"wiredTiger"}}
{"t":{"$date":"2021-11-11T19:22:53.434+05:30"},"s":"I",  "c":"STORAGE",  "id":22315,   "ctx":"initandlisten","msg":"Opening WiredTiger","attr":{"config":"create,cache_size=7383M,session_max=33000,eviction=(threads_min=4,threads_max=4),config_base=false,statistics=(fast),log=(enabled=true,archive=true,path=journal,compressor=snappy),builtin_extension_config=(zstd=(compression_level=6)),file_manager=(close_idle_time=600,close_scan_interval=10,close_handle_minimum=250),statistics_log=(wait=0),verbose=[recovery_progress,checkpoint_progress,compact_progress],"}}
{"t":{"$date":"2021-11-11T19:22:53.465+05:30"},"s":"I",  "c":"STORAGE",  "id":22430,   "ctx":"initandlisten","msg":"WiredTiger message","attr":{"message":"[1636638773:465220][4784:140727875949904], txn-recover: [WT_VERB_RECOVERY_PROGRESS] Recovering log 1 through 2"}}
{"t":{"$date":"2021-11-11T19:22:53.545+05:30"},"s":"I",  "c":"STORAGE",  "id":22430,   "ctx":"initandlisten","msg":"WiredTiger message","attr":{"message":"[1636638773:545249][4784:140727875949904], txn-recover: [WT_VERB_RECOVERY_PROGRESS] Recovering log 2 through 2"}}
{"t":{"$date":"2021-11-11T19:22:53.628+05:30"},"s":"I",  "c":"STORAGE",  "id":22430,   "ctx":"initandlisten","msg":"WiredTiger message","attr":{"message":"[1636638773:627272][4784:140727875949904], txn-recover: [WT_VERB_RECOVERY | WT_VERB_RECOVERY_PROGRESS] Main recovery loop: starting at 1/21376 to 2/256"}}
{"t":{"$date":"2021-11-11T19:22:53.754+05:30"},"s":"I",  "c":"STORAGE",  "id":22430,   "ctx":"initandlisten","msg":"WiredTiger message","attr":{"message":"[1636638773:754285][4784:140727875949904], txn-recover: [WT_VERB_RECOVERY_PROGRESS] Recovering log 1 through 2"}}
{"t":{"$date":"2021-11-11T19:22:53.828+05:30"},"s":"I",  "c":"STORAGE",  "id":22430,   "ctx":"initandlisten","msg":"WiredTiger message","attr":{"message":"[1636638773:828298][4784:140727875949904], txn-recover: [WT_VERB_RECOVERY_PROGRESS] Recovering log 2 through 2"}}
{"t":{"$date":"2021-11-11T19:22:53.891+05:30"},"s":"I",  "c":"STORAGE",  "id":22430,   "ctx":"initandlisten","msg":"WiredTiger message","attr":{"message":"[1636638773:891346][4784:140727875949904], txn-recover: [WT_VERB_RECOVERY | WT_VERB_RECOVERY_PROGRESS] Set global recovery timestamp: (0, 0)"}}
{"t":{"$date":"2021-11-11T19:22:53.891+05:30"},"s":"I",  "c":"STORAGE",  "id":22430,   "ctx":"initandlisten","msg":"WiredTiger message","attr":{"message":"[1636638773:891346][4784:140727875949904], txn-recover: [WT_VERB_RECOVERY | WT_VERB_RECOVERY_PROGRESS] Set global oldest timestamp: (0, 0)"}}
{"t":{"$date":"2021-11-11T19:22:53.893+05:30"},"s":"I",  "c":"STORAGE",  "id":22430,   "ctx":"initandlisten","msg":"WiredTiger message","attr":{"message":"[1636638773:892544][4784:140727875949904], WT_SESSION.checkpoint: [WT_VERB_CHECKPOINT_PROGRESS] saving checkpoint snapshot min: 1, snapshot max: 1 snapshot count: 0, oldest timestamp: (0, 0) , meta checkpoint timestamp: (0, 0) base write gen: 7"}}
{"t":{"$date":"2021-11-11T19:22:53.900+05:30"},"s":"I",  "c":"STORAGE",  "id":4795906, "ctx":"initandlisten","msg":"WiredTiger opened","attr":{"durationMillis":466}}
{"t":{"$date":"2021-11-11T19:22:53.900+05:30"},"s":"I",  "c":"RECOVERY", "id":23987,   "ctx":"initandlisten","msg":"WiredTiger recoveryTimestamp","attr":{"recoveryTimestamp":{"$timestamp":{"t":0,"i":0}}}}
{"t":{"$date":"2021-11-11T19:22:53.902+05:30"},"s":"I",  "c":"STORAGE",  "id":4366408, "ctx":"initandlisten","msg":"No table logging settings modifications are required for existing WiredTiger tables","attr":{"loggingEnabled":true}}
{"t":{"$date":"2021-11-11T19:22:53.904+05:30"},"s":"I",  "c":"STORAGE",  "id":22262,   "ctx":"initandlisten","msg":"Timestamp monitor starting"}
{"t":{"$date":"2021-11-11T19:22:53.907+05:30"},"s":"W",  "c":"CONTROL",  "id":22120,   "ctx":"initandlisten","msg":"Access control is not enabled for the database. Read and write access to data and configuration is unrestricted","tags":["startupWarnings"]}
{"t":{"$date":"2021-11-11T19:22:53.907+05:30"},"s":"W",  "c":"CONTROL",  "id":22140,   "ctx":"initandlisten","msg":"This server is bound to localhost. Remote systems will be unable to connect to this server. Start the server with --bind_ip <address> to specify which IP addresses it should serve responses from, or with --bind_ip_all to bind to all interfaces. If this behavior is desired, start the server with --bind_ip 127.0.0.1 to disable this warning","tags":["startupWarnings"]}
{"t":{"$date":"2021-11-11T19:22:53.910+05:30"},"s":"I",  "c":"NETWORK",  "id":4915702, "ctx":"initandlisten","msg":"Updated wire specification","attr":{"oldSpec":{"incomingExternalClient":{"minWireVersion":0,"maxWireVersion":13},"incomingInternalClient":{"minWireVersion":0,"maxWireVersion":13},"outgoing":{"minWireVersion":0,"maxWireVersion":13},"isInternalClient":true},"newSpec":{"incomingExternalClient":{"minWireVersion":0,"maxWireVersion":13},"incomingInternalClient":{"minWireVersion":13,"maxWireVersion":13},"outgoing":{"minWireVersion":13,"maxWireVersion":13},"isInternalClient":true}}}
{"t":{"$date":"2021-11-11T19:22:53.922+05:30"},"s":"I",  "c":"STORAGE",  "id":5071100, "ctx":"initandlisten","msg":"Clearing temp directory"}
{"t":{"$date":"2021-11-11T19:22:53.923+05:30"},"s":"I",  "c":"CONTROL",  "id":20536,   "ctx":"initandlisten","msg":"Flow Control is enabled on this deployment"}
{"t":{"$date":"2021-11-11T19:22:54.132+05:30"},"s":"I",  "c":"FTDC",     "id":20625,   "ctx":"initandlisten","msg":"Initializing full-time diagnostic data capture","attr":{"dataDirectory":"./.db/diagnostic.data"}}
{"t":{"$date":"2021-11-11T19:22:54.138+05:30"},"s":"I",  "c":"NETWORK",  "id":23015,   "ctx":"listener","msg":"Listening on","attr":{"address":"127.0.0.1"}}
{"t":{"$date":"2021-11-11T19:22:54.138+05:30"},"s":"I",  "c":"NETWORK",  "id":23016,   "ctx":"listener","msg":"Waiting for connections","attr":{"port":27017,"ssl":"off"}}
{"t":{"$date":"2021-11-11T19:22:55.849+05:30"},"s":"I",  "c":"NETWORK",  "id":22943,   "ctx":"listener","msg":"Connection accepted","attr":{"remote":"127.0.0.1:54047","uuid":"ebe3d71c-a937-4173-96a5-a961ad31b8b2","connectionId":1,"connectionCount":1}}
{"t":{"$date":"2021-11-11T19:22:55.849+05:30"},"s":"I",  "c":"NETWORK",  "id":51800,   "ctx":"conn1","msg":"client metadata","attr":{"remote":"127.0.0.1:54047","client":"conn1","doc":{"application":{"name":"MongoDB Shell"},"driver":{"name":"MongoDB Internal Client","version":"5.0.3"},"os":{"type":"Windows","name":"Microsoft Windows 10","architecture":"x86_64","version":"10.0 (build 19043)"}}}}
{"t":{"$date":"2021-11-11T19:23:02.282+05:30"},"s":"I",  "c":"NETWORK",  "id":22944,   "ctx":"conn1","msg":"Connection ended","attr":{"remote":"127.0.0.1:54047","uuid":"ebe3d71c-a937-4173-96a5-a961ad31b8b2","connectionId":1,"connectionCount":0}}
{"t":{"$date":"2021-11-11T19:23:09.946+05:30"},"s":"I",  "c":"NETWORK",  "id":22943,   "ctx":"listener","msg":"Connection accepted","attr":{"remote":"127.0.0.1:54049","uuid":"5bb9c7f7-ce3a-4cff-81d1-49488eb5bf65","connectionId":2,"connectionCount":1}}
{"t":{"$date":"2021-11-11T19:23:09.954+05:30"},"s":"I",  "c":"NETWORK",  "id":51800,   "ctx":"conn2","msg":"client metadata","attr":{"remote":"127.0.0.1:54049","client":"conn2","doc":{"driver":{"name":"nodejs|Mongoose","version":"4.1.3"},"os":{"type":"Windows_NT","name":"win32","architecture":"x64","version":"10.0.19043"},"platform":"Node.js v17.1.0, LE (unified)","version":"4.1.3|6.0.12"}}}
{"t":{"$date":"2021-11-11T19:23:09.966+05:30"},"s":"I",  "c":"NETWORK",  "id":22943,   "ctx":"listener","msg":"Connection accepted","attr":{"remote":"127.0.0.1:54050","uuid":"4c39a3dc-83c4-4af2-8918-95b7b3243586","connectionId":3,"connectionCount":2}}
{"t":{"$date":"2021-11-11T19:23:09.970+05:30"},"s":"I",  "c":"NETWORK",  "id":51800,   "ctx":"conn3","msg":"client metadata","attr":{"remote":"127.0.0.1:54050","client":"conn3","doc":{"driver":{"name":"nodejs|Mongoose","version":"4.1.3"},"os":{"type":"Windows_NT","name":"win32","architecture":"x64","version":"10.0.19043"},"platform":"Node.js v17.1.0, LE (unified)","version":"4.1.3|6.0.12"}}}
{"t":{"$date":"2021-11-11T19:23:09.974+05:30"},"s":"I",  "c":"STORAGE",  "id":20320,   "ctx":"conn3","msg":"createCollection","attr":{"namespace":"kek.users","uuidDisposition":"generated","uuid":{"uuid":{"$uuid":"b575d466-0f45-4ad5-acd3-9875349ae7d6"}},"options":{}}}
{"t":{"$date":"2021-11-11T19:23:09.985+05:30"},"s":"I",  "c":"INDEX",    "id":20345,   "ctx":"conn3","msg":"Index build: done building","attr":{"buildUUID":null,"namespace":"kek.users","index":"_id_","commitTimestamp":null}}
{"t":{"$date":"2021-11-11T19:23:20.473+05:30"},"s":"I",  "c":"NETWORK",  "id":22943,   "ctx":"listener","msg":"Connection accepted","attr":{"remote":"127.0.0.1:54051","uuid":"a34ad380-2a32-48af-8000-54b2a4abdf76","connectionId":4,"connectionCount":3}}
{"t":{"$date":"2021-11-11T19:23:20.476+05:30"},"s":"I",  "c":"NETWORK",  "id":51800,   "ctx":"conn4","msg":"client metadata","attr":{"remote":"127.0.0.1:54051","client":"conn4","doc":{"driver":{"name":"nodejs|Mongoose","version":"4.1.3"},"os":{"type":"Windows_NT","name":"win32","architecture":"x64","version":"10.0.19043"},"platform":"Node.js v17.1.0, LE (unified)","version":"4.1.3|6.0.12"}}}
{"t":{"$date":"2021-11-11T19:23:27.090+05:30"},"s":"I",  "c":"NETWORK",  "id":22943,   "ctx":"listener","msg":"Connection accepted","attr":{"remote":"127.0.0.1:55398","uuid":"386fe42a-991a-4f0d-8d8d-6e25ef3df20d","connectionId":5,"connectionCount":4}}
{"t":{"$date":"2021-11-11T19:23:27.091+05:30"},"s":"I",  "c":"NETWORK",  "id":51800,   "ctx":"conn5","msg":"client metadata","attr":{"remote":"127.0.0.1:55398","client":"conn5","doc":{"application":{"name":"MongoDB Shell"},"driver":{"name":"MongoDB Internal Client","version":"5.0.3"},"os":{"type":"Windows","name":"Microsoft Windows 10","architecture":"x86_64","version":"10.0 (build 19043)"}}}}
{"t":{"$date":"2021-11-11T19:23:53.912+05:30"},"s":"I",  "c":"STORAGE",  "id":22430,   "ctx":"Checkpointer","msg":"WiredTiger message","attr":{"message":"[1636638833:912525][4784:140727875949904], WT_SESSION.checkpoint: [WT_VERB_CHECKPOINT_PROGRESS] saving checkpoint snapshot min: 1010, snapshot max: 1010 snapshot count: 0, oldest timestamp: (0, 0) , meta checkpoint timestamp: (0, 0) base write gen: 7"}}
{"t":{"$date":"2021-11-11T19:24:52.679+05:30"},"s":"I",  "c":"COMMAND",  "id":20337,   "ctx":"conn5","msg":"dropDatabase - starting","attr":{"db":"kek"}}
{"t":{"$date":"2021-11-11T19:24:52.679+05:30"},"s":"I",  "c":"COMMAND",  "id":20338,   "ctx":"conn5","msg":"dropDatabase - dropping collection","attr":{"db":"kek","namespace":"kek.users"}}
{"t":{"$date":"2021-11-11T19:24:52.680+05:30"},"s":"I",  "c":"STORAGE",  "id":22206,   "ctx":"conn5","msg":"Deferring table drop for index","attr":{"index":"_id_","namespace":"kek.users","uuid":{"uuid":{"$uuid":"b575d466-0f45-4ad5-acd3-9875349ae7d6"}},"ident":"index-1-4464256154487134489","commitTimestamp":{"$timestamp":{"t":0,"i":0}}}}
{"t":{"$date":"2021-11-11T19:24:52.680+05:30"},"s":"I",  "c":"STORAGE",  "id":22214,   "ctx":"conn5","msg":"Deferring table drop for collection","attr":{"namespace":"kek.users","ident":"collection-0-4464256154487134489","commitTimestamp":{"$timestamp":{"t":0,"i":0}}}}
{"t":{"$date":"2021-11-11T19:24:52.680+05:30"},"s":"I",  "c":"COMMAND",  "id":20336,   "ctx":"conn5","msg":"dropDatabase","attr":{"db":"kek","numCollectionsDropped":1}}
{"t":{"$date":"2021-11-11T19:24:52.937+05:30"},"s":"I",  "c":"STORAGE",  "id":22260,   "ctx":"TimestampMonitor","msg":"Removing drop-pending idents with drop timestamps before timestamp","attr":{"timestamp":{"$timestamp":{"t":0,"i":0}}}}
{"t":{"$date":"2021-11-11T19:24:52.937+05:30"},"s":"I",  "c":"STORAGE",  "id":22237,   "ctx":"TimestampMonitor","msg":"Completing drop for ident","attr":{"ident":"index-1-4464256154487134489","dropTimestamp":{"$timestamp":{"t":0,"i":0}}}}
{"t":{"$date":"2021-11-11T19:24:52.953+05:30"},"s":"I",  "c":"STORAGE",  "id":22237,   "ctx":"TimestampMonitor","msg":"Completing drop for ident","attr":{"ident":"collection-0-4464256154487134489","dropTimestamp":{"$timestamp":{"t":0,"i":0}}}}
{"t":{"$date":"2021-11-11T19:24:53.924+05:30"},"s":"I",  "c":"STORAGE",  "id":22430,   "ctx":"Checkpointer","msg":"WiredTiger message","attr":{"message":"[1636638893:923521][4784:140727875949904], WT_SESSION.checkpoint: [WT_VERB_CHECKPOINT_PROGRESS] saving checkpoint snapshot min: 1020, snapshot max: 1020 snapshot count: 0, oldest timestamp: (0, 0) , meta checkpoint timestamp: (0, 0) base write gen: 7"}}
{"t":{"$date":"2021-11-11T19:24:57.366+05:30"},"s":"I",  "c":"NETWORK",  "id":22944,   "ctx":"conn3","msg":"Connection ended","attr":{"remote":"127.0.0.1:54050","uuid":"4c39a3dc-83c4-4af2-8918-95b7b3243586","connectionId":3,"connectionCount":2}}
{"t":{"$date":"2021-11-11T19:24:57.366+05:30"},"s":"I",  "c":"NETWORK",  "id":22944,   "ctx":"conn4","msg":"Connection ended","attr":{"remote":"127.0.0.1:54051","uuid":"a34ad380-2a32-48af-8000-54b2a4abdf76","connectionId":4,"connectionCount":3}}
{"t":{"$date":"2021-11-11T19:24:57.578+05:30"},"s":"W",  "c":"NETWORK",  "id":4615610, "ctx":"conn2","msg":"Failed to check socket connectivity","attr":{"error":"The operation completed successfully."}}
{"t":{"$date":"2021-11-11T19:24:57.578+05:30"},"s":"I",  "c":"-",        "id":20883,   "ctx":"conn2","msg":"Interrupted operation as its client disconnected","attr":{"opId":2507}}
{"t":{"$date":"2021-11-11T19:24:57.578+05:30"},"s":"I",  "c":"NETWORK",  "id":22989,   "ctx":"conn2","msg":"Error sending response to client. Ending connection from remote","attr":{"error":{"code":6,"codeName":"HostUnreachable","errmsg":"Connection reset by peer"},"remote":"127.0.0.1:54049","connectionId":2}}
{"t":{"$date":"2021-11-11T19:24:57.578+05:30"},"s":"I",  "c":"NETWORK",  "id":22944,   "ctx":"conn2","msg":"Connection ended","attr":{"remote":"127.0.0.1:54049","uuid":"5bb9c7f7-ce3a-4cff-81d1-49488eb5bf65","connectionId":2,"connectionCount":1}}
{"t":{"$date":"2021-11-11T19:25:17.655+05:30"},"s":"I",  "c":"NETWORK",  "id":22943,   "ctx":"listener","msg":"Connection accepted","attr":{"remote":"127.0.0.1:52144","uuid":"204681c3-f247-43b0-a4e7-3a5af06b4f2c","connectionId":6,"connectionCount":2}}
{"t":{"$date":"2021-11-11T19:25:17.664+05:30"},"s":"I",  "c":"NETWORK",  "id":51800,   "ctx":"conn6","msg":"client metadata","attr":{"remote":"127.0.0.1:52144","client":"conn6","doc":{"driver":{"name":"nodejs|Mongoose","version":"4.1.3"},"os":{"type":"Windows_NT","name":"win32","architecture":"x64","version":"10.0.19043"},"platform":"Node.js v17.1.0, LE (unified)","version":"4.1.3|6.0.12"}}}
{"t":{"$date":"2021-11-11T19:25:17.675+05:30"},"s":"I",  "c":"NETWORK",  "id":22943,   "ctx":"listener","msg":"Connection accepted","attr":{"remote":"127.0.0.1:52145","uuid":"c6f0f2e8-d81a-4976-ac51-0feca91f102b","connectionId":7,"connectionCount":3}}
{"t":{"$date":"2021-11-11T19:25:17.679+05:30"},"s":"I",  "c":"NETWORK",  "id":51800,   "ctx":"conn7","msg":"client metadata","attr":{"remote":"127.0.0.1:52145","client":"conn7","doc":{"driver":{"name":"nodejs|Mongoose","version":"4.1.3"},"os":{"type":"Windows_NT","name":"win32","architecture":"x64","version":"10.0.19043"},"platform":"Node.js v17.1.0, LE (unified)","version":"4.1.3|6.0.12"}}}
{"t":{"$date":"2021-11-11T19:25:17.684+05:30"},"s":"I",  "c":"STORAGE",  "id":20320,   "ctx":"conn7","msg":"createCollection","attr":{"namespace":"kek.users","uuidDisposition":"generated","uuid":{"uuid":{"$uuid":"d3d21946-bfcd-436f-9466-a145a775521f"}},"options":{}}}
{"t":{"$date":"2021-11-11T19:25:17.692+05:30"},"s":"I",  "c":"INDEX",    "id":20345,   "ctx":"conn7","msg":"Index build: done building","attr":{"buildUUID":null,"namespace":"kek.users","index":"_id_","commitTimestamp":null}}
{"t":{"$date":"2021-11-11T19:25:17.723+05:30"},"s":"I",  "c":"NETWORK",  "id":22943,   "ctx":"listener","msg":"Connection accepted","attr":{"remote":"127.0.0.1:52146","uuid":"c1e26459-fc16-4ec0-9102-0d593d577515","connectionId":8,"connectionCount":4}}
{"t":{"$date":"2021-11-11T19:25:17.728+05:30"},"s":"I",  "c":"NETWORK",  "id":51800,   "ctx":"conn8","msg":"client metadata","attr":{"remote":"127.0.0.1:52146","client":"conn8","doc":{"driver":{"name":"nodejs|Mongoose","version":"4.1.3"},"os":{"type":"Windows_NT","name":"win32","architecture":"x64","version":"10.0.19043"},"platform":"Node.js v17.1.0, LE (unified)","version":"4.1.3|6.0.12"}}}
{"t":{"$date":"2021-11-11T19:25:19.619+05:30"},"s":"I",  "c":"NETWORK",  "id":22944,   "ctx":"conn7","msg":"Connection ended","attr":{"remote":"127.0.0.1:52145","uuid":"c6f0f2e8-d81a-4976-ac51-0feca91f102b","connectionId":7,"connectionCount":3}}
{"t":{"$date":"2021-11-11T19:25:19.619+05:30"},"s":"I",  "c":"NETWORK",  "id":22944,   "ctx":"conn8","msg":"Connection ended","attr":{"remote":"127.0.0.1:52146","uuid":"c1e26459-fc16-4ec0-9102-0d593d577515","connectionId":8,"connectionCount":2}}
{"t":{"$date":"2021-11-11T19:25:20.279+05:30"},"s":"W",  "c":"NETWORK",  "id":4615610, "ctx":"conn6","msg":"Failed to check socket connectivity","attr":{"error":"The operation completed successfully."}}
{"t":{"$date":"2021-11-11T19:25:20.279+05:30"},"s":"I",  "c":"-",        "id":20883,   "ctx":"conn6","msg":"Interrupted operation as its client disconnected","attr":{"opId":3029}}
{"t":{"$date":"2021-11-11T19:25:20.279+05:30"},"s":"I",  "c":"NETWORK",  "id":22989,   "ctx":"conn6","msg":"Error sending response to client. Ending connection from remote","attr":{"error":{"code":6,"codeName":"HostUnreachable","errmsg":"Connection reset by peer"},"remote":"127.0.0.1:52144","connectionId":6}}
{"t":{"$date":"2021-11-11T19:25:20.279+05:30"},"s":"I",  "c":"NETWORK",  "id":22944,   "ctx":"conn6","msg":"Connection ended","attr":{"remote":"127.0.0.1:52144","uuid":"204681c3-f247-43b0-a4e7-3a5af06b4f2c","connectionId":6,"connectionCount":1}}
{"t":{"$date":"2021-11-11T19:25:35.455+05:30"},"s":"I",  "c":"NETWORK",  "id":22944,   "ctx":"conn5","msg":"Connection ended","attr":{"remote":"127.0.0.1:55398","uuid":"386fe42a-991a-4f0d-8d8d-6e25ef3df20d","connectionId":5,"connectionCount":0}}
{"t":{"$date":"2021-11-11T19:26:10.401+05:30"},"s":"I",  "c":"NETWORK",  "id":4915701, "ctx":"-","msg":"Initialized wire specification","attr":{"spec":{"incomingExternalClient":{"minWireVersion":0,"maxWireVersion":13},"incomingInternalClient":{"minWireVersion":0,"maxWireVersion":13},"outgoing":{"minWireVersion":0,"maxWireVersion":13},"isInternalClient":true}}}
{"t":{"$date":"2021-11-11T19:26:10.403+05:30"},"s":"I",  "c":"CONTROL",  "id":23285,   "ctx":"-","msg":"Automatically disabling TLS 1.0, to force-enable TLS 1.0 specify --sslDisabledProtocols 'none'"}
{"t":{"$date":"2021-11-11T19:26:10.999+05:30"},"s":"W",  "c":"ASIO",     "id":22601,   "ctx":"main","msg":"No TransportLayer configured during NetworkInterface startup"}
{"t":{"$date":"2021-11-11T19:26:11.000+05:30"},"s":"I",  "c":"NETWORK",  "id":4648602, "ctx":"main","msg":"Implicit TCP FastOpen in use."}
{"t":{"$date":"2021-11-11T19:26:11.003+05:30"},"s":"W",  "c":"ASIO",     "id":22601,   "ctx":"main","msg":"No TransportLayer configured during NetworkInterface startup"}
{"t":{"$date":"2021-11-11T19:26:11.003+05:30"},"s":"I",  "c":"REPL",     "id":5123008, "ctx":"main","msg":"Successfully registered PrimaryOnlyService","attr":{"service":"TenantMigrationDonorService","ns":"config.tenantMigrationDonors"}}
{"t":{"$date":"2021-11-11T19:26:11.003+05:30"},"s":"I",  "c":"REPL",     "id":5123008, "ctx":"main","msg":"Successfully registered PrimaryOnlyService","attr":{"service":"TenantMigrationRecipientService","ns":"config.tenantMigrationRecipients"}}
{"t":{"$date":"2021-11-11T19:26:11.005+05:30"},"s":"I",  "c":"CONTROL",  "id":4615611, "ctx":"initandlisten","msg":"MongoDB starting","attr":{"pid":9988,"port":27017,"dbPath":"./.db","architecture":"64-bit","host":"SANGUINE"}}
{"t":{"$date":"2021-11-11T19:26:11.005+05:30"},"s":"I",  "c":"CONTROL",  "id":23398,   "ctx":"initandlisten","msg":"Target operating system minimum version","attr":{"targetMinOS":"Windows 7/Windows Server 2008 R2"}}
{"t":{"$date":"2021-11-11T19:26:11.005+05:30"},"s":"I",  "c":"CONTROL",  "id":23403,   "ctx":"initandlisten","msg":"Build Info","attr":{"buildInfo":{"version":"5.0.3","gitVersion":"657fea5a61a74d7a79df7aff8e4bcf0bc742b748","modules":[],"allocator":"tcmalloc","environment":{"distmod":"windows","distarch":"x86_64","target_arch":"x86_64"}}}}
{"t":{"$date":"2021-11-11T19:26:11.005+05:30"},"s":"I",  "c":"CONTROL",  "id":51765,   "ctx":"initandlisten","msg":"Operating System","attr":{"os":{"name":"Microsoft Windows 10","version":"10.0 (build 19043)"}}}
{"t":{"$date":"2021-11-11T19:26:11.005+05:30"},"s":"I",  "c":"CONTROL",  "id":21951,   "ctx":"initandlisten","msg":"Options set by command line","attr":{"options":{"net":{"bindIp":"0.0.0.0"},"storage":{"dbPath":"./.db"}}}}
{"t":{"$date":"2021-11-11T19:26:11.007+05:30"},"s":"W",  "c":"STORAGE",  "id":22271,   "ctx":"initandlisten","msg":"Detected unclean shutdown - Lock file is not empty","attr":{"lockFile":"./.db\\mongod.lock"}}
{"t":{"$date":"2021-11-11T19:26:11.008+05:30"},"s":"I",  "c":"STORAGE",  "id":22270,   "ctx":"initandlisten","msg":"Storage engine to use detected by data files","attr":{"dbpath":"./.db","storageEngine":"wiredTiger"}}
{"t":{"$date":"2021-11-11T19:26:11.008+05:30"},"s":"W",  "c":"STORAGE",  "id":22302,   "ctx":"initandlisten","msg":"Recovering data from the last clean checkpoint."}
{"t":{"$date":"2021-11-11T19:26:11.008+05:30"},"s":"I",  "c":"STORAGE",  "id":22315,   "ctx":"initandlisten","msg":"Opening WiredTiger","attr":{"config":"create,cache_size=7383M,session_max=33000,eviction=(threads_min=4,threads_max=4),config_base=false,statistics=(fast),log=(enabled=true,archive=true,path=journal,compressor=snappy),builtin_extension_config=(zstd=(compression_level=6)),file_manager=(close_idle_time=600,close_scan_interval=10,close_handle_minimum=250),statistics_log=(wait=0),verbose=[recovery_progress,checkpoint_progress,compact_progress],"}}
{"t":{"$date":"2021-11-11T19:26:11.039+05:30"},"s":"I",  "c":"STORAGE",  "id":22430,   "ctx":"initandlisten","msg":"WiredTiger message","attr":{"message":"[1636638971:39056][9988:140727875949904], txn-recover: [WT_VERB_RECOVERY_PROGRESS] Recovering log 2 through 3"}}
{"t":{"$date":"2021-11-11T19:26:11.113+05:30"},"s":"I",  "c":"STORAGE",  "id":22430,   "ctx":"initandlisten","msg":"WiredTiger message","attr":{"message":"[1636638971:113052][9988:140727875949904], txn-recover: [WT_VERB_RECOVERY_PROGRESS] Recovering log 3 through 3"}}
{"t":{"$date":"2021-11-11T19:26:11.191+05:30"},"s":"I",  "c":"STORAGE",  "id":22430,   "ctx":"initandlisten","msg":"WiredTiger message","attr":{"message":"[1636638971:191090][9988:140727875949904], txn-recover: [WT_VERB_RECOVERY | WT_VERB_RECOVERY_PROGRESS] Main recovery loop: starting at 2/265472 to 3/256"}}
{"t":{"$date":"2021-11-11T19:26:11.192+05:30"},"s":"I",  "c":"STORAGE",  "id":22430,   "ctx":"initandlisten","msg":"WiredTiger message","attr":{"message":"[1636638971:192089][9988:140727875949904], txn-recover: [WT_VERB_RECOVERY_PROGRESS] Recovering log 2 through 3"}}
{"t":{"$date":"2021-11-11T19:26:11.277+05:30"},"s":"I",  "c":"STORAGE",  "id":22430,   "ctx":"initandlisten","msg":"WiredTiger message","attr":{"message":"[1636638971:277101][9988:140727875949904], file:index-3-4464256154487134489.wt, txn-recover: [WT_VERB_RECOVERY_PROGRESS] Recovering log 3 through 3"}}
{"t":{"$date":"2021-11-11T19:26:11.345+05:30"},"s":"I",  "c":"STORAGE",  "id":22430,   "ctx":"initandlisten","msg":"WiredTiger message","attr":{"message":"[1636638971:345127][9988:140727875949904], file:index-3-4464256154487134489.wt, txn-recover: [WT_VERB_RECOVERY | WT_VERB_RECOVERY_PROGRESS] Set global recovery timestamp: (0, 0)"}}
{"t":{"$date":"2021-11-11T19:26:11.346+05:30"},"s":"I",  "c":"STORAGE",  "id":22430,   "ctx":"initandlisten","msg":"WiredTiger message","attr":{"message":"[1636638971:345127][9988:140727875949904], file:index-3-4464256154487134489.wt, txn-recover: [WT_VERB_RECOVERY | WT_VERB_RECOVERY_PROGRESS] Set global oldest timestamp: (0, 0)"}}
{"t":{"$date":"2021-11-11T19:26:11.349+05:30"},"s":"I",  "c":"STORAGE",  "id":22430,   "ctx":"initandlisten","msg":"WiredTiger message","attr":{"message":"[1636638971:349118][9988:140727875949904], WT_SESSION.checkpoint: [WT_VERB_CHECKPOINT_PROGRESS] saving checkpoint snapshot min: 2017, snapshot max: 2017 snapshot count: 0, oldest timestamp: (0, 0) , meta checkpoint timestamp: (0, 0) base write gen: 18"}}
{"t":{"$date":"2021-11-11T19:26:11.358+05:30"},"s":"I",  "c":"STORAGE",  "id":4795906, "ctx":"initandlisten","msg":"WiredTiger opened","attr":{"durationMillis":350}}
{"t":{"$date":"2021-11-11T19:26:11.358+05:30"},"s":"I",  "c":"RECOVERY", "id":23987,   "ctx":"initandlisten","msg":"WiredTiger recoveryTimestamp","attr":{"recoveryTimestamp":{"$timestamp":{"t":0,"i":0}}}}
{"t":{"$date":"2021-11-11T19:26:11.359+05:30"},"s":"I",  "c":"STORAGE",  "id":4366408, "ctx":"initandlisten","msg":"No table logging settings modifications are required for existing WiredTiger tables","attr":{"loggingEnabled":true}}
{"t":{"$date":"2021-11-11T19:26:11.379+05:30"},"s":"I",  "c":"STORAGE",  "id":22262,   "ctx":"initandlisten","msg":"Timestamp monitor starting"}
{"t":{"$date":"2021-11-11T19:26:11.381+05:30"},"s":"W",  "c":"CONTROL",  "id":22120,   "ctx":"initandlisten","msg":"Access control is not enabled for the database. Read and write access to data and configuration is unrestricted","tags":["startupWarnings"]}
{"t":{"$date":"2021-11-11T19:26:11.385+05:30"},"s":"I",  "c":"NETWORK",  "id":4915702, "ctx":"initandlisten","msg":"Updated wire specification","attr":{"oldSpec":{"incomingExternalClient":{"minWireVersion":0,"maxWireVersion":13},"incomingInternalClient":{"minWireVersion":0,"maxWireVersion":13},"outgoing":{"minWireVersion":0,"maxWireVersion":13},"isInternalClient":true},"newSpec":{"incomingExternalClient":{"minWireVersion":0,"maxWireVersion":13},"incomingInternalClient":{"minWireVersion":13,"maxWireVersion":13},"outgoing":{"minWireVersion":13,"maxWireVersion":13},"isInternalClient":true}}}
{"t":{"$date":"2021-11-11T19:26:11.386+05:30"},"s":"I",  "c":"STORAGE",  "id":5071100, "ctx":"initandlisten","msg":"Clearing temp directory"}
{"t":{"$date":"2021-11-11T19:26:11.386+05:30"},"s":"I",  "c":"CONTROL",  "id":20536,   "ctx":"initandlisten","msg":"Flow Control is enabled on this deployment"}
{"t":{"$date":"2021-11-11T19:26:11.602+05:30"},"s":"I",  "c":"FTDC",     "id":20625,   "ctx":"initandlisten","msg":"Initializing full-time diagnostic data capture","attr":{"dataDirectory":"./.db/diagnostic.data"}}
{"t":{"$date":"2021-11-11T19:26:11.609+05:30"},"s":"I",  "c":"NETWORK",  "id":23015,   "ctx":"listener","msg":"Listening on","attr":{"address":"0.0.0.0"}}
{"t":{"$date":"2021-11-11T19:26:11.609+05:30"},"s":"I",  "c":"NETWORK",  "id":23016,   "ctx":"listener","msg":"Waiting for connections","attr":{"port":27017,"ssl":"off"}}
{"t":{"$date":"2021-11-11T19:26:12.036+05:30"},"s":"I",  "c":"FTDC",     "id":20631,   "ctx":"ftdc","msg":"Unclean full-time diagnostic data capture shutdown detected, found interim file, some metrics may have been lost","attr":{"error":{"code":0,"codeName":"OK"}}}
{"t":{"$date":"2021-11-11T19:26:13.101+05:30"},"s":"I",  "c":"NETWORK",  "id":22943,   "ctx":"listener","msg":"Connection accepted","attr":{"remote":"127.0.0.1:52152","uuid":"e96f0e9e-d226-41eb-a9a1-29fcf058600f","connectionId":1,"connectionCount":1}}
{"t":{"$date":"2021-11-11T19:26:13.102+05:30"},"s":"I",  "c":"NETWORK",  "id":51800,   "ctx":"conn1","msg":"client metadata","attr":{"remote":"127.0.0.1:52152","client":"conn1","doc":{"application":{"name":"MongoDB Shell"},"driver":{"name":"MongoDB Internal Client","version":"5.0.3"},"os":{"type":"Windows","name":"Microsoft Windows 10","architecture":"x86_64","version":"10.0 (build 19043)"}}}}
{"t":{"$date":"2021-11-11T19:27:08.790+05:30"},"s":"I",  "c":"NETWORK",  "id":22944,   "ctx":"conn1","msg":"Connection ended","attr":{"remote":"127.0.0.1:52152","uuid":"e96f0e9e-d226-41eb-a9a1-29fcf058600f","connectionId":1,"connectionCount":0}}
{"t":{"$date":"2021-11-11T19:27:11.385+05:30"},"s":"I",  "c":"STORAGE",  "id":22430,   "ctx":"Checkpointer","msg":"WiredTiger message","attr":{"message":"[1636639031:384151][9988:140727875949904], WT_SESSION.checkpoint: [WT_VERB_CHECKPOINT_PROGRESS] saving checkpoint snapshot min: 2019, snapshot max: 2019 snapshot count: 0, oldest timestamp: (0, 0) , meta checkpoint timestamp: (0, 0) base write gen: 18"}}
{"t":{"$date":"2021-11-11T19:28:11.395+05:30"},"s":"I",  "c":"STORAGE",  "id":22430,   "ctx":"Checkpointer","msg":"WiredTiger message","attr":{"message":"[1636639091:394777][9988:140727875949904], WT_SESSION.checkpoint: [WT_VERB_CHECKPOINT_PROGRESS] saving checkpoint snapshot min: 2022, snapshot max: 2022 snapshot count: 0, oldest timestamp: (0, 0) , meta checkpoint timestamp: (0, 0) base write gen: 18"}}
{"t":{"$date":"2021-11-11T19:29:11.402+05:30"},"s":"I",  "c":"STORAGE",  "id":22430,   "ctx":"Checkpointer","msg":"WiredTiger message","attr":{"message":"[1636639151:402034][9988:140727875949904], WT_SESSION.checkpoint: [WT_VERB_CHECKPOINT_PROGRESS] saving checkpoint snapshot min: 2024, snapshot max: 2024 snapshot count: 0, oldest timestamp: (0, 0) , meta checkpoint timestamp: (0, 0) base write gen: 18"}}
{"t":{"$date":"2021-11-11T19:29:58.396+05:30"},"s":"I",  "c":"NETWORK",  "id":22943,   "ctx":"listener","msg":"Connection accepted","attr":{"remote":"127.0.0.1:57619","uuid":"40c72d00-d638-4989-8b94-21c82b0ed031","connectionId":2,"connectionCount":1}}
{"t":{"$date":"2021-11-11T19:29:58.397+05:30"},"s":"I",  "c":"NETWORK",  "id":51800,   "ctx":"conn2","msg":"client metadata","attr":{"remote":"127.0.0.1:57619","client":"conn2","doc":{"application":{"name":"MongoDB Shell"},"driver":{"name":"MongoDB Internal Client","version":"5.0.3"},"os":{"type":"Windows","name":"Microsoft Windows 10","architecture":"x86_64","version":"10.0 (build 19043)"}}}}
{"t":{"$date":"2021-11-11T19:29:59.422+05:30"},"s":"I",  "c":"NETWORK",  "id":22944,   "ctx":"conn2","msg":"Connection ended","attr":{"remote":"127.0.0.1:57619","uuid":"40c72d00-d638-4989-8b94-21c82b0ed031","connectionId":2,"connectionCount":0}}
{"t":{"$date":"2021-11-11T19:30:11.410+05:30"},"s":"I",  "c":"STORAGE",  "id":22430,   "ctx":"Checkpointer","msg":"WiredTiger message","attr":{"message":"[1636639211:410386][9988:140727875949904], WT_SESSION.checkpoint: [WT_VERB_CHECKPOINT_PROGRESS] saving checkpoint snapshot min: 2026, snapshot max: 2026 snapshot count: 0, oldest timestamp: (0, 0) , meta checkpoint timestamp: (0, 0) base write gen: 18"}}
{"t":{"$date":"2021-11-11T19:30:33.758+05:30"},"s":"I",  "c":"NETWORK",  "id":22943,   "ctx":"listener","msg":"Connection accepted","attr":{"remote":"127.0.0.1:57667","uuid":"2eb056b0-f804-4b54-98e6-bad50d032a78","connectionId":3,"connectionCount":1}}
{"t":{"$date":"2021-11-11T19:30:33.759+05:30"},"s":"I",  "c":"NETWORK",  "id":51800,   "ctx":"conn3","msg":"client metadata","attr":{"remote":"127.0.0.1:57667","client":"conn3","doc":{"application":{"name":"MongoDB Shell"},"driver":{"name":"MongoDB Internal Client","version":"5.0.3"},"os":{"type":"Windows","name":"Microsoft Windows 10","architecture":"x86_64","version":"10.0 (build 19043)"}}}}
{"t":{"$date":"2021-11-11T19:30:57.552+05:30"},"s":"I",  "c":"NETWORK",  "id":22944,   "ctx":"conn3","msg":"Connection ended","attr":{"remote":"127.0.0.1:57667","uuid":"2eb056b0-f804-4b54-98e6-bad50d032a78","connectionId":3,"connectionCount":0}}
{"t":{"$date":"2021-11-11T19:31:11.418+05:30"},"s":"I",  "c":"STORAGE",  "id":22430,   "ctx":"Checkpointer","msg":"WiredTiger message","attr":{"message":"[1636639271:418278][9988:140727875949904], WT_SESSION.checkpoint: [WT_VERB_CHECKPOINT_PROGRESS] saving checkpoint snapshot min: 2028, snapshot max: 2028 snapshot count: 0, oldest timestamp: (0, 0) , meta checkpoint timestamp: (0, 0) base write gen: 18"}}
{"t":{"$date":"2021-11-11T19:32:11.425+05:30"},"s":"I",  "c":"STORAGE",  "id":22430,   "ctx":"Checkpointer","msg":"WiredTiger message","attr":{"message":"[1636639331:425155][9988:140727875949904], WT_SESSION.checkpoint: [WT_VERB_CHECKPOINT_PROGRESS] saving checkpoint snapshot min: 2030, snapshot max: 2030 snapshot count: 0, oldest timestamp: (0, 0) , meta checkpoint timestamp: (0, 0) base write gen: 18"}}
{"t":{"$date":"2021-11-11T19:32:29.532+05:30"},"s":"I",  "c":"NETWORK",  "id":22943,   "ctx":"listener","msg":"Connection accepted","attr":{"remote":"127.0.0.1:55109","uuid":"691829d8-0579-4596-a700-41e7e6ab7062","connectionId":4,"connectionCount":1}}
{"t":{"$date":"2021-11-11T19:32:29.540+05:30"},"s":"I",  "c":"NETWORK",  "id":51800,   "ctx":"conn4","msg":"client metadata","attr":{"remote":"127.0.0.1:55109","client":"conn4","doc":{"driver":{"name":"nodejs|Mongoose","version":"4.1.3"},"os":{"type":"Windows_NT","name":"win32","architecture":"x64","version":"10.0.19043"},"platform":"Node.js v17.1.0, LE (unified)","version":"4.1.3|6.0.12"}}}
{"t":{"$date":"2021-11-11T19:32:29.551+05:30"},"s":"I",  "c":"NETWORK",  "id":22943,   "ctx":"listener","msg":"Connection accepted","attr":{"remote":"127.0.0.1:55110","uuid":"a0f89fc2-d0fc-47a5-a6af-26e6e3d7e87c","connectionId":5,"connectionCount":2}}
{"t":{"$date":"2021-11-11T19:32:29.558+05:30"},"s":"I",  "c":"NETWORK",  "id":22944,   "ctx":"conn4","msg":"Connection ended","attr":{"remote":"127.0.0.1:55109","uuid":"691829d8-0579-4596-a700-41e7e6ab7062","connectionId":4,"connectionCount":1}}
{"t":{"$date":"2021-11-11T19:32:29.558+05:30"},"s":"I",  "c":"NETWORK",  "id":22944,   "ctx":"conn5","msg":"Connection ended","attr":{"remote":"127.0.0.1:55110","uuid":"a0f89fc2-d0fc-47a5-a6af-26e6e3d7e87c","connectionId":5,"connectionCount":0}}
{"t":{"$date":"2021-11-11T19:32:47.598+05:30"},"s":"I",  "c":"NETWORK",  "id":22943,   "ctx":"listener","msg":"Connection accepted","attr":{"remote":"127.0.0.1:51410","uuid":"40fba849-4669-4749-8f15-cdd259547db6","connectionId":6,"connectionCount":1}}
{"t":{"$date":"2021-11-11T19:32:47.606+05:30"},"s":"I",  "c":"NETWORK",  "id":51800,   "ctx":"conn6","msg":"client metadata","attr":{"remote":"127.0.0.1:51410","client":"conn6","doc":{"driver":{"name":"nodejs|Mongoose","version":"4.1.3"},"os":{"type":"Windows_NT","name":"win32","architecture":"x64","version":"10.0.19043"},"platform":"Node.js v17.1.0, LE (unified)","version":"4.1.3|6.0.12"}}}
{"t":{"$date":"2021-11-11T19:32:47.618+05:30"},"s":"I",  "c":"NETWORK",  "id":22943,   "ctx":"listener","msg":"Connection accepted","attr":{"remote":"127.0.0.1:51411","uuid":"24c9b713-9fe0-4fd9-8721-c38b7bc6a501","connectionId":7,"connectionCount":2}}
{"t":{"$date":"2021-11-11T19:32:47.625+05:30"},"s":"I",  "c":"NETWORK",  "id":51800,   "ctx":"conn7","msg":"client metadata","attr":{"remote":"127.0.0.1:51411","client":"conn7","doc":{"driver":{"name":"nodejs|Mongoose","version":"4.1.3"},"os":{"type":"Windows_NT","name":"win32","architecture":"x64","version":"10.0.19043"},"platform":"Node.js v17.1.0, LE (unified)","version":"4.1.3|6.0.12"}}}
{"t":{"$date":"2021-11-11T19:32:47.629+05:30"},"s":"I",  "c":"NETWORK",  "id":22943,   "ctx":"listener","msg":"Connection accepted","attr":{"remote":"127.0.0.1:51412","uuid":"27533d7f-5190-477d-839d-4cd22948c453","connectionId":8,"connectionCount":3}}
{"t":{"$date":"2021-11-11T19:32:47.632+05:30"},"s":"I",  "c":"NETWORK",  "id":51800,   "ctx":"conn8","msg":"client metadata","attr":{"remote":"127.0.0.1:51412","client":"conn8","doc":{"driver":{"name":"nodejs|Mongoose","version":"4.1.3"},"os":{"type":"Windows_NT","name":"win32","architecture":"x64","version":"10.0.19043"},"platform":"Node.js v17.1.0, LE (unified)","version":"4.1.3|6.0.12"}}}
{"t":{"$date":"2021-11-11T19:32:47.765+05:30"},"s":"I",  "c":"NETWORK",  "id":22944,   "ctx":"conn7","msg":"Connection ended","attr":{"remote":"127.0.0.1:51411","uuid":"24c9b713-9fe0-4fd9-8721-c38b7bc6a501","connectionId":7,"connectionCount":2}}
{"t":{"$date":"2021-11-11T19:32:47.765+05:30"},"s":"I",  "c":"NETWORK",  "id":22944,   "ctx":"conn8","msg":"Connection ended","attr":{"remote":"127.0.0.1:51412","uuid":"27533d7f-5190-477d-839d-4cd22948c453","connectionId":8,"connectionCount":0}}
{"t":{"$date":"2021-11-11T19:32:47.765+05:30"},"s":"I",  "c":"NETWORK",  "id":22944,   "ctx":"conn6","msg":"Connection ended","attr":{"remote":"127.0.0.1:51410","uuid":"40fba849-4669-4749-8f15-cdd259547db6","connectionId":6,"connectionCount":1}}
{"t":{"$date":"2021-11-11T19:33:11.430+05:30"},"s":"I",  "c":"STORAGE",  "id":22430,   "ctx":"Checkpointer","msg":"WiredTiger message","attr":{"message":"[1636639391:430077][9988:140727875949904], WT_SESSION.checkpoint: [WT_VERB_CHECKPOINT_PROGRESS] saving checkpoint snapshot min: 2032, snapshot max: 2032 snapshot count: 0, oldest timestamp: (0, 0) , meta checkpoint timestamp: (0, 0) base write gen: 18"}}
{"t":{"$date":"2021-11-11T19:34:11.437+05:30"},"s":"I",  "c":"STORAGE",  "id":22430,   "ctx":"Checkpointer","msg":"WiredTiger message","attr":{"message":"[1636639451:436714][9988:140727875949904], WT_SESSION.checkpoint: [WT_VERB_CHECKPOINT_PROGRESS] saving checkpoint snapshot min: 2034, snapshot max: 2034 snapshot count: 0, oldest timestamp: (0, 0) , meta checkpoint timestamp: (0, 0) base write gen: 18"}}
{"t":{"$date":"2021-11-11T19:34:49.144+05:30"},"s":"I",  "c":"NETWORK",  "id":22943,   "ctx":"listener","msg":"Connection accepted","attr":{"remote":"127.0.0.1:51426","uuid":"91de285a-d08b-4411-9e71-f1152590bdb3","connectionId":9,"connectionCount":1}}
{"t":{"$date":"2021-11-11T19:34:49.153+05:30"},"s":"I",  "c":"NETWORK",  "id":51800,   "ctx":"conn9","msg":"client metadata","attr":{"remote":"127.0.0.1:51426","client":"conn9","doc":{"driver":{"name":"nodejs|Mongoose","version":"4.1.3"},"os":{"type":"Windows_NT","name":"win32","architecture":"x64","version":"10.0.19043"},"platform":"Node.js v17.1.0, LE (unified)","version":"4.1.3|6.0.12"}}}
{"t":{"$date":"2021-11-11T19:34:49.165+05:30"},"s":"I",  "c":"NETWORK",  "id":22943,   "ctx":"listener","msg":"Connection accepted","attr":{"remote":"127.0.0.1:51427","uuid":"9f476884-b766-4930-bcdf-c0ddcfa53005","connectionId":10,"connectionCount":2}}
{"t":{"$date":"2021-11-11T19:34:49.174+05:30"},"s":"I",  "c":"NETWORK",  "id":51800,   "ctx":"conn10","msg":"client metadata","attr":{"remote":"127.0.0.1:51427","client":"conn10","doc":{"driver":{"name":"nodejs|Mongoose","version":"4.1.3"},"os":{"type":"Windows_NT","name":"win32","architecture":"x64","version":"10.0.19043"},"platform":"Node.js v17.1.0, LE (unified)","version":"4.1.3|6.0.12"}}}
{"t":{"$date":"2021-11-11T19:34:49.179+05:30"},"s":"I",  "c":"NETWORK",  "id":22943,   "ctx":"listener","msg":"Connection accepted","attr":{"remote":"127.0.0.1:51428","uuid":"09485b47-9f51-4251-b483-acf0f504b713","connectionId":11,"connectionCount":3}}
{"t":{"$date":"2021-11-11T19:34:49.183+05:30"},"s":"I",  "c":"NETWORK",  "id":51800,   "ctx":"conn11","msg":"client metadata","attr":{"remote":"127.0.0.1:51428","client":"conn11","doc":{"driver":{"name":"nodejs|Mongoose","version":"4.1.3"},"os":{"type":"Windows_NT","name":"win32","architecture":"x64","version":"10.0.19043"},"platform":"Node.js v17.1.0, LE (unified)","version":"4.1.3|6.0.12"}}}
{"t":{"$date":"2021-11-11T19:34:59.683+05:30"},"s":"I",  "c":"NETWORK",  "id":22943,   "ctx":"listener","msg":"Connection accepted","attr":{"remote":"127.0.0.1:51430","uuid":"d713cbf8-f973-418b-8d41-d815c7d5a9e9","connectionId":12,"connectionCount":4}}
{"t":{"$date":"2021-11-11T19:34:59.686+05:30"},"s":"I",  "c":"NETWORK",  "id":51800,   "ctx":"conn12","msg":"client metadata","attr":{"remote":"127.0.0.1:51430","client":"conn12","doc":{"driver":{"name":"nodejs|Mongoose","version":"4.1.3"},"os":{"type":"Windows_NT","name":"win32","architecture":"x64","version":"10.0.19043"},"platform":"Node.js v17.1.0, LE (unified)","version":"4.1.3|6.0.12"}}}
{"t":{"$date":"2021-11-11T19:35:11.443+05:30"},"s":"I",  "c":"STORAGE",  "id":22430,   "ctx":"Checkpointer","msg":"WiredTiger message","attr":{"message":"[1636639511:443345][9988:140727875949904], WT_SESSION.checkpoint: [WT_VERB_CHECKPOINT_PROGRESS] saving checkpoint snapshot min: 2036, snapshot max: 2036 snapshot count: 0, oldest timestamp: (0, 0) , meta checkpoint timestamp: (0, 0) base write gen: 18"}}
{"t":{"$date":"2021-11-11T19:35:23.536+05:30"},"s":"I",  "c":"NETWORK",  "id":22944,   "ctx":"conn10","msg":"Connection ended","attr":{"remote":"127.0.0.1:51427","uuid":"9f476884-b766-4930-bcdf-c0ddcfa53005","connectionId":10,"connectionCount":1}}
{"t":{"$date":"2021-11-11T19:35:23.536+05:30"},"s":"I",  "c":"NETWORK",  "id":22944,   "ctx":"conn11","msg":"Connection ended","attr":{"remote":"127.0.0.1:51428","uuid":"09485b47-9f51-4251-b483-acf0f504b713","connectionId":11,"connectionCount":2}}
{"t":{"$date":"2021-11-11T19:35:23.536+05:30"},"s":"I",  "c":"NETWORK",  "id":22944,   "ctx":"conn12","msg":"Connection ended","attr":{"remote":"127.0.0.1:51430","uuid":"d713cbf8-f973-418b-8d41-d815c7d5a9e9","connectionId":12,"connectionCount":3}}
{"t":{"$date":"2021-11-11T19:35:23.784+05:30"},"s":"W",  "c":"NETWORK",  "id":4615610, "ctx":"conn9","msg":"Failed to check socket connectivity","attr":{"error":"The operation completed successfully."}}
{"t":{"$date":"2021-11-11T19:35:23.784+05:30"},"s":"I",  "c":"-",        "id":20883,   "ctx":"conn9","msg":"Interrupted operation as its client disconnected","attr":{"opId":6849}}
{"t":{"$date":"2021-11-11T19:35:23.785+05:30"},"s":"I",  "c":"NETWORK",  "id":22989,   "ctx":"conn9","msg":"Error sending response to client. Ending connection from remote","attr":{"error":{"code":6,"codeName":"HostUnreachable","errmsg":"Connection reset by peer"},"remote":"127.0.0.1:51426","connectionId":9}}
{"t":{"$date":"2021-11-11T19:35:23.785+05:30"},"s":"I",  "c":"NETWORK",  "id":22944,   "ctx":"conn9","msg":"Connection ended","attr":{"remote":"127.0.0.1:51426","uuid":"91de285a-d08b-4411-9e71-f1152590bdb3","connectionId":9,"connectionCount":0}}
{"t":{"$date":"2021-11-11T19:35:25.116+05:30"},"s":"I",  "c":"NETWORK",  "id":22943,   "ctx":"listener","msg":"Connection accepted","attr":{"remote":"127.0.0.1:51433","uuid":"9d9b5f37-9dcf-4f4f-b5bf-6d783f17db10","connectionId":13,"connectionCount":1}}
{"t":{"$date":"2021-11-11T19:35:25.125+05:30"},"s":"I",  "c":"NETWORK",  "id":51800,   "ctx":"conn13","msg":"client metadata","attr":{"remote":"127.0.0.1:51433","client":"conn13","doc":{"driver":{"name":"nodejs|Mongoose","version":"4.1.3"},"os":{"type":"Windows_NT","name":"win32","architecture":"x64","version":"10.0.19043"},"platform":"Node.js v17.1.0, LE (unified)","version":"4.1.3|6.0.12"}}}
{"t":{"$date":"2021-11-11T19:35:25.137+05:30"},"s":"I",  "c":"NETWORK",  "id":22943,   "ctx":"listener","msg":"Connection accepted","attr":{"remote":"127.0.0.1:51434","uuid":"1fd01edb-d2b3-4bef-bfd6-45bd142a3fda","connectionId":14,"connectionCount":2}}
{"t":{"$date":"2021-11-11T19:35:25.146+05:30"},"s":"I",  "c":"NETWORK",  "id":51800,   "ctx":"conn14","msg":"client metadata","attr":{"remote":"127.0.0.1:51434","client":"conn14","doc":{"driver":{"name":"nodejs|Mongoose","version":"4.1.3"},"os":{"type":"Windows_NT","name":"win32","architecture":"x64","version":"10.0.19043"},"platform":"Node.js v17.1.0, LE (unified)","version":"4.1.3|6.0.12"}}}
{"t":{"$date":"2021-11-11T19:35:25.150+05:30"},"s":"I",  "c":"NETWORK",  "id":22943,   "ctx":"listener","msg":"Connection accepted","attr":{"remote":"127.0.0.1:51435","uuid":"19f014de-09d3-4db9-aa3e-eb403375800d","connectionId":15,"connectionCount":3}}
{"t":{"$date":"2021-11-11T19:35:25.154+05:30"},"s":"I",  "c":"NETWORK",  "id":51800,   "ctx":"conn15","msg":"client metadata","attr":{"remote":"127.0.0.1:51435","client":"conn15","doc":{"driver":{"name":"nodejs|Mongoose","version":"4.1.3"},"os":{"type":"Windows_NT","name":"win32","architecture":"x64","version":"10.0.19043"},"platform":"Node.js v17.1.0, LE (unified)","version":"4.1.3|6.0.12"}}}
{"t":{"$date":"2021-11-11T19:35:35.665+05:30"},"s":"I",  "c":"NETWORK",  "id":22943,   "ctx":"listener","msg":"Connection accepted","attr":{"remote":"127.0.0.1:51436","uuid":"9507de1e-80a7-46b1-ace9-02409b4a469b","connectionId":16,"connectionCount":4}}
{"t":{"$date":"2021-11-11T19:35:35.668+05:30"},"s":"I",  "c":"NETWORK",  "id":51800,   "ctx":"conn16","msg":"client metadata","attr":{"remote":"127.0.0.1:51436","client":"conn16","doc":{"driver":{"name":"nodejs|Mongoose","version":"4.1.3"},"os":{"type":"Windows_NT","name":"win32","architecture":"x64","version":"10.0.19043"},"platform":"Node.js v17.1.0, LE (unified)","version":"4.1.3|6.0.12"}}}
{"t":{"$date":"2021-11-11T19:36:00.378+05:30"},"s":"I",  "c":"NETWORK",  "id":22944,   "ctx":"conn14","msg":"Connection ended","attr":{"remote":"127.0.0.1:51434","uuid":"1fd01edb-d2b3-4bef-bfd6-45bd142a3fda","connectionId":14,"connectionCount":3}}
{"t":{"$date":"2021-11-11T19:36:00.378+05:30"},"s":"I",  "c":"NETWORK",  "id":22944,   "ctx":"conn15","msg":"Connection ended","attr":{"remote":"127.0.0.1:51435","uuid":"19f014de-09d3-4db9-aa3e-eb403375800d","connectionId":15,"connectionCount":2}}
{"t":{"$date":"2021-11-11T19:36:00.378+05:30"},"s":"I",  "c":"NETWORK",  "id":22944,   "ctx":"conn16","msg":"Connection ended","attr":{"remote":"127.0.0.1:51436","uuid":"9507de1e-80a7-46b1-ace9-02409b4a469b","connectionId":16,"connectionCount":1}}
{"t":{"$date":"2021-11-11T19:36:00.767+05:30"},"s":"W",  "c":"NETWORK",  "id":4615610, "ctx":"conn13","msg":"Failed to check socket connectivity","attr":{"error":"The operation completed successfully."}}
{"t":{"$date":"2021-11-11T19:36:00.767+05:30"},"s":"I",  "c":"-",        "id":20883,   "ctx":"conn13","msg":"Interrupted operation as its client disconnected","attr":{"opId":7302}}
{"t":{"$date":"2021-11-11T19:36:00.768+05:30"},"s":"I",  "c":"NETWORK",  "id":22989,   "ctx":"conn13","msg":"Error sending response to client. Ending connection from remote","attr":{"error":{"code":6,"codeName":"HostUnreachable","errmsg":"Connection reset by peer"},"remote":"127.0.0.1:51433","connectionId":13}}
{"t":{"$date":"2021-11-11T19:36:00.768+05:30"},"s":"I",  "c":"NETWORK",  "id":22944,   "ctx":"conn13","msg":"Connection ended","attr":{"remote":"127.0.0.1:51433","uuid":"9d9b5f37-9dcf-4f4f-b5bf-6d783f17db10","connectionId":13,"connectionCount":0}}
{"t":{"$date":"2021-11-11T19:36:11.450+05:30"},"s":"I",  "c":"STORAGE",  "id":22430,   "ctx":"Checkpointer","msg":"WiredTiger message","attr":{"message":"[1636639571:449683][9988:140727875949904], WT_SESSION.checkpoint: [WT_VERB_CHECKPOINT_PROGRESS] saving checkpoint snapshot min: 2038, snapshot max: 2038 snapshot count: 0, oldest timestamp: (0, 0) , meta checkpoint timestamp: (0, 0) base write gen: 18"}}
{"t":{"$date":"2021-11-11T19:37:11.461+05:30"},"s":"I",  "c":"STORAGE",  "id":22430,   "ctx":"Checkpointer","msg":"WiredTiger message","attr":{"message":"[1636639631:460673][9988:140727875949904], WT_SESSION.checkpoint: [WT_VERB_CHECKPOINT_PROGRESS] saving checkpoint snapshot min: 2043, snapshot max: 2043 snapshot count: 0, oldest timestamp: (0, 0) , meta checkpoint timestamp: (0, 0) base write gen: 18"}}
{"t":{"$date":"2021-11-11T19:38:11.472+05:30"},"s":"I",  "c":"STORAGE",  "id":22430,   "ctx":"Checkpointer","msg":"WiredTiger message","attr":{"message":"[1636639691:472169][9988:140727875949904], WT_SESSION.checkpoint: [WT_VERB_CHECKPOINT_PROGRESS] saving checkpoint snapshot min: 2046, snapshot max: 2046 snapshot count: 0, oldest timestamp: (0, 0) , meta checkpoint timestamp: (0, 0) base write gen: 18"}}
{"t":{"$date":"2021-11-11T19:39:11.478+05:30"},"s":"I",  "c":"STORAGE",  "id":22430,   "ctx":"Checkpointer","msg":"WiredTiger message","attr":{"message":"[1636639751:478120][9988:140727875949904], WT_SESSION.checkpoint: [WT_VERB_CHECKPOINT_PROGRESS] saving checkpoint snapshot min: 2048, snapshot max: 2048 snapshot count: 0, oldest timestamp: (0, 0) , meta checkpoint timestamp: (0, 0) base write gen: 18"}}
{"t":{"$date":"2021-11-11T19:40:11.486+05:30"},"s":"I",  "c":"STORAGE",  "id":22430,   "ctx":"Checkpointer","msg":"WiredTiger message","attr":{"message":"[1636639811:486189][9988:140727875949904], WT_SESSION.checkpoint: [WT_VERB_CHECKPOINT_PROGRESS] saving checkpoint snapshot min: 2050, snapshot max: 2050 snapshot count: 0, oldest timestamp: (0, 0) , meta checkpoint timestamp: (0, 0) base write gen: 18"}}
{"t":{"$date":"2021-11-11T19:40:52.408+05:30"},"s":"I",  "c":"CONTROL",  "id":23373,   "ctx":"thread60","msg":"CTRL_CLOSE_EVENT signal"}
{"t":{"$date":"2021-11-11T19:40:52.409+05:30"},"s":"I",  "c":"CONTROL",  "id":23371,   "ctx":"consoleTerminate","msg":"Received event, will terminate after current command ends","attr":{"controlCode":"CTRL_CLOSE_EVENT"}}
{"t":{"$date":"2021-11-11T19:40:52.409+05:30"},"s":"I",  "c":"REPL",     "id":4784900, "ctx":"consoleTerminate","msg":"Stepping down the ReplicationCoordinator for shutdown","attr":{"waitTimeMillis":15000}}
{"t":{"$date":"2021-11-11T19:40:52.409+05:30"},"s":"I",  "c":"REPL",     "id":4794602, "ctx":"consoleTerminate","msg":"Attempting to enter quiesce mode"}
{"t":{"$date":"2021-11-11T19:40:52.409+05:30"},"s":"I",  "c":"COMMAND",  "id":4784901, "ctx":"consoleTerminate","msg":"Shutting down the MirrorMaestro"}
{"t":{"$date":"2021-11-11T19:40:52.410+05:30"},"s":"I",  "c":"SHARDING", "id":4784902, "ctx":"consoleTerminate","msg":"Shutting down the WaitForMajorityService"}
{"t":{"$date":"2021-11-11T19:40:52.415+05:30"},"s":"I",  "c":"CONTROL",  "id":4784903, "ctx":"consoleTerminate","msg":"Shutting down the LogicalSessionCache"}
{"t":{"$date":"2021-11-11T19:40:52.416+05:30"},"s":"I",  "c":"NETWORK",  "id":20562,   "ctx":"consoleTerminate","msg":"Shutdown: going to close listening sockets"}
{"t":{"$date":"2021-11-11T19:40:52.419+05:30"},"s":"I",  "c":"NETWORK",  "id":4784905, "ctx":"consoleTerminate","msg":"Shutting down the global connection pool"}
{"t":{"$date":"2021-11-11T19:40:52.419+05:30"},"s":"I",  "c":"CONTROL",  "id":4784906, "ctx":"consoleTerminate","msg":"Shutting down the FlowControlTicketholder"}
{"t":{"$date":"2021-11-11T19:40:52.419+05:30"},"s":"I",  "c":"-",        "id":20520,   "ctx":"consoleTerminate","msg":"Stopping further Flow Control ticket acquisitions."}
{"t":{"$date":"2021-11-11T19:40:52.419+05:30"},"s":"I",  "c":"CONTROL",  "id":4784908, "ctx":"consoleTerminate","msg":"Shutting down the PeriodicThreadToAbortExpiredTransactions"}
{"t":{"$date":"2021-11-11T19:40:52.423+05:30"},"s":"I",  "c":"REPL",     "id":4784909, "ctx":"consoleTerminate","msg":"Shutting down the ReplicationCoordinator"}
{"t":{"$date":"2021-11-11T19:40:52.423+05:30"},"s":"I",  "c":"SHARDING", "id":4784910, "ctx":"consoleTerminate","msg":"Shutting down the ShardingInitializationMongoD"}
{"t":{"$date":"2021-11-11T19:40:52.423+05:30"},"s":"I",  "c":"REPL",     "id":4784911, "ctx":"consoleTerminate","msg":"Enqueuing the ReplicationStateTransitionLock for shutdown"}
{"t":{"$date":"2021-11-11T19:40:52.423+05:30"},"s":"I",  "c":"-",        "id":4784912, "ctx":"consoleTerminate","msg":"Killing all operations for shutdown"}
{"t":{"$date":"2021-11-11T19:40:52.423+05:30"},"s":"I",  "c":"-",        "id":4695300, "ctx":"consoleTerminate","msg":"Interrupted all currently running operations","attr":{"opsKilled":3}}
{"t":{"$date":"2021-11-11T19:40:52.423+05:30"},"s":"I",  "c":"TENANT_M", "id":5093807, "ctx":"consoleTerminate","msg":"Shutting down all TenantMigrationAccessBlockers on global shutdown"}
{"t":{"$date":"2021-11-11T19:40:52.423+05:30"},"s":"I",  "c":"COMMAND",  "id":4784913, "ctx":"consoleTerminate","msg":"Shutting down all open transactions"}
{"t":{"$date":"2021-11-11T19:40:52.423+05:30"},"s":"I",  "c":"REPL",     "id":4784914, "ctx":"consoleTerminate","msg":"Acquiring the ReplicationStateTransitionLock for shutdown"}
{"t":{"$date":"2021-11-11T19:40:52.423+05:30"},"s":"I",  "c":"INDEX",    "id":4784915, "ctx":"consoleTerminate","msg":"Shutting down the IndexBuildsCoordinator"}
{"t":{"$date":"2021-11-11T19:40:52.424+05:30"},"s":"I",  "c":"REPL",     "id":4784916, "ctx":"consoleTerminate","msg":"Reacquiring the ReplicationStateTransitionLock for shutdown"}
{"t":{"$date":"2021-11-11T19:40:52.424+05:30"},"s":"I",  "c":"REPL",     "id":4784917, "ctx":"consoleTerminate","msg":"Attempting to mark clean shutdown"}
{"t":{"$date":"2021-11-11T19:40:52.424+05:30"},"s":"I",  "c":"NETWORK",  "id":4784918, "ctx":"consoleTerminate","msg":"Shutting down the ReplicaSetMonitor"}
{"t":{"$date":"2021-11-11T19:40:52.424+05:30"},"s":"I",  "c":"SHARDING", "id":4784921, "ctx":"consoleTerminate","msg":"Shutting down the MigrationUtilExecutor"}
{"t":{"$date":"2021-11-11T19:40:52.427+05:30"},"s":"I",  "c":"ASIO",     "id":22582,   "ctx":"MigrationUtil-TaskExecutor","msg":"Killing all outstanding egress activity."}
{"t":{"$date":"2021-11-11T19:40:52.427+05:30"},"s":"I",  "c":"COMMAND",  "id":4784923, "ctx":"consoleTerminate","msg":"Shutting down the ServiceEntryPoint"}
{"t":{"$date":"2021-11-11T19:40:52.427+05:30"},"s":"I",  "c":"CONTROL",  "id":4784925, "ctx":"consoleTerminate","msg":"Shutting down free monitoring"}
{"t":{"$date":"2021-11-11T19:40:52.427+05:30"},"s":"I",  "c":"CONTROL",  "id":20609,   "ctx":"consoleTerminate","msg":"Shutting down free monitoring"}
{"t":{"$date":"2021-11-11T19:40:52.428+05:30"},"s":"I",  "c":"CONTROL",  "id":4784927, "ctx":"consoleTerminate","msg":"Shutting down the HealthLog"}
{"t":{"$date":"2021-11-11T19:40:52.428+05:30"},"s":"I",  "c":"CONTROL",  "id":4784928, "ctx":"consoleTerminate","msg":"Shutting down the TTL monitor"}
{"t":{"$date":"2021-11-11T19:40:52.428+05:30"},"s":"I",  "c":"INDEX",    "id":3684100, "ctx":"consoleTerminate","msg":"Shutting down TTL collection monitor thread"}
{"t":{"$date":"2021-11-11T19:40:52.428+05:30"},"s":"I",  "c":"INDEX",    "id":3684101, "ctx":"consoleTerminate","msg":"Finished shutting down TTL collection monitor thread"}
{"t":{"$date":"2021-11-11T19:40:52.428+05:30"},"s":"I",  "c":"CONTROL",  "id":4784929, "ctx":"consoleTerminate","msg":"Acquiring the global lock for shutdown"}
{"t":{"$date":"2021-11-11T19:40:52.428+05:30"},"s":"I",  "c":"CONTROL",  "id":4784930, "ctx":"consoleTerminate","msg":"Shutting down the storage engine"}
{"t":{"$date":"2021-11-11T19:40:52.428+05:30"},"s":"I",  "c":"STORAGE",  "id":22320,   "ctx":"consoleTerminate","msg":"Shutting down journal flusher thread"}
{"t":{"$date":"2021-11-11T19:40:52.429+05:30"},"s":"I",  "c":"STORAGE",  "id":22321,   "ctx":"consoleTerminate","msg":"Finished shutting down journal flusher thread"}
{"t":{"$date":"2021-11-11T19:40:52.429+05:30"},"s":"I",  "c":"STORAGE",  "id":22322,   "ctx":"consoleTerminate","msg":"Shutting down checkpoint thread"}
{"t":{"$date":"2021-11-11T19:40:52.429+05:30"},"s":"I",  "c":"STORAGE",  "id":22323,   "ctx":"consoleTerminate","msg":"Finished shutting down checkpoint thread"}
{"t":{"$date":"2021-11-11T19:40:52.429+05:30"},"s":"I",  "c":"STORAGE",  "id":20282,   "ctx":"consoleTerminate","msg":"Deregistering all the collections"}
{"t":{"$date":"2021-11-11T19:40:52.429+05:30"},"s":"I",  "c":"STORAGE",  "id":22261,   "ctx":"consoleTerminate","msg":"Timestamp monitor shutting down"}
{"t":{"$date":"2021-11-11T19:40:52.430+05:30"},"s":"I",  "c":"STORAGE",  "id":22317,   "ctx":"consoleTerminate","msg":"WiredTigerKVEngine shutting down"}
{"t":{"$date":"2021-11-11T19:40:52.430+05:30"},"s":"I",  "c":"STORAGE",  "id":22318,   "ctx":"consoleTerminate","msg":"Shutting down session sweeper thread"}
{"t":{"$date":"2021-11-11T19:40:52.430+05:30"},"s":"I",  "c":"STORAGE",  "id":22319,   "ctx":"consoleTerminate","msg":"Finished shutting down session sweeper thread"}
{"t":{"$date":"2021-11-11T19:40:52.430+05:30"},"s":"I",  "c":"STORAGE",  "id":4795902, "ctx":"consoleTerminate","msg":"Closing WiredTiger","attr":{"closeConfig":"leak_memory=true,"}}
{"t":{"$date":"2021-11-11T19:40:52.431+05:30"},"s":"I",  "c":"STORAGE",  "id":22430,   "ctx":"consoleTerminate","msg":"WiredTiger message","attr":{"message":"[1636639852:431050][9988:140727875949904], close_ckpt: [WT_VERB_CHECKPOINT_PROGRESS] saving checkpoint snapshot min: 2052, snapshot max: 2052 snapshot count: 0, oldest timestamp: (0, 0) , meta checkpoint timestamp: (0, 0) base write gen: 18"}}
{"t":{"$date":"2021-11-11T19:40:52.466+05:30"},"s":"I",  "c":"STORAGE",  "id":4795901, "ctx":"consoleTerminate","msg":"WiredTiger closed","attr":{"durationMillis":36}}
{"t":{"$date":"2021-11-11T19:40:52.466+05:30"},"s":"I",  "c":"STORAGE",  "id":22281,   "ctx":"consoleTerminate","msg":"shutdown: removing fs lock..."}
{"t":{"$date":"2021-11-11T19:40:52.467+05:30"},"s":"I",  "c":"-",        "id":4784931, "ctx":"consoleTerminate","msg":"Dropping the scope cache for shutdown"}
{"t":{"$date":"2021-11-11T19:40:52.467+05:30"},"s":"I",  "c":"FTDC",     "id":4784926, "ctx":"consoleTerminate","msg":"Shutting down full-time data capture"}
{"t":{"$date":"2021-11-11T19:40:52.467+05:30"},"s":"I",  "c":"FTDC",     "id":20626,   "ctx":"consoleTerminate","msg":"Shutting down full-time diagnostic data capture"}
{"t":{"$date":"2021-11-11T19:40:52.475+05:30"},"s":"I",  "c":"CONTROL",  "id":20565,   "ctx":"consoleTerminate","msg":"Now exiting"}
{"t":{"$date":"2021-11-11T19:40:52.476+05:30"},"s":"I",  "c":"CONTROL",  "id":23138,   "ctx":"consoleTerminate","msg":"Shutting down","attr":{"exitCode":12}}
